COMMAND:
 ./Scripts/verify-package.sh
RUN_ID: 20260711T001821Z-99496
GATE_ID: swift-package
STARTED_AT_UTC: 2026-07-11T00:18:31Z

Core package fixture parity passed.
Building for debugging...
[0/2] Write sources
[1/2] Write swift-version--58304C5D6DBC2206.txt
[3/10] Compiling NearWireTransport WireSequence.swift
[4/10] Compiling NearWireTransport WireProtocolError.swift
[5/12] Compiling NearWireTransport WireFrame.swift
[6/12] Compiling NearWireTransport WireNegotiation.swift
[7/12] Compiling NearWireTransport WireEventPayloads.swift
[8/12] Compiling NearWireTransport WireMessage.swift
[9/12] Emitting module NearWireTransport
[10/12] Compiling NearWireTransport WireControlPayloads.swift
[11/12] Compiling NearWireTransport WireJSON.swift
[12/12] Compiling NearWireTransport WirePrimitives.swift
[13/14] Emitting module NearWireTestSupport
[14/14] Emitting module NearWire
Build complete! (0.80s)
Building for debugging...
[0/1] Write swift-version--58304C5D6DBC2206.txt
Build of target: 'NearWireCore' complete! (0.11s)
Building for debugging...
[0/2] Write sources
[1/2] Write swift-version--58304C5D6DBC2206.txt
[3/10] Compiling NearWireTransport WireProtocolError.swift
[4/10] Compiling NearWireTransport WireNegotiation.swift
[5/10] Compiling NearWireTransport WireSequence.swift
[6/12] Compiling NearWireTransport WireMessage.swift
[7/12] Compiling NearWireTransport WireFrame.swift
[8/12] Compiling NearWireTransport WireEventPayloads.swift
[9/12] Emitting module NearWireTransport
[10/12] Compiling NearWireTransport WireControlPayloads.swift
[11/12] Compiling NearWireTransport WireJSON.swift
[12/12] Compiling NearWireTransport WirePrimitives.swift
Build of target: 'NearWireTransport' complete! (0.70s)
Building for debugging...
[0/1] Write swift-version--58304C5D6DBC2206.txt
Build of target: 'NearWireFlowControl' complete! (0.11s)
Building for debugging...
[0/1] Write swift-version--58304C5D6DBC2206.txt
[2/2] Emitting module NearWireTestSupport
Build of target: 'NearWireTestSupport' complete! (0.22s)
Wire payload public API sealing passed.
2026-07-11 08:18:40.100 xcodebuild[3224:23012172] [MT] IDERunDestination: Supported platforms for the buildables in the current scheme is empty.
Writing result bundle at path:
	/tmp/nearwire-package-harness.GLtjhy/NearWire-iOS.xcresult

2026-07-11 08:18:53.062 xcodebuild[3224:23012172] [MT] IDETestOperationsObserverDebug: 5.565 elapsed -- Testing started completed.
2026-07-11 08:18:53.062 xcodebuild[3224:23012172] [MT] IDETestOperationsObserverDebug: 0.000 sec, +0.000 sec -- start
2026-07-11 08:18:53.062 xcodebuild[3224:23012172] [MT] IDETestOperationsObserverDebug: 5.565 sec, +5.565 sec -- end
Testing started
{
  "devicesAndConfigurations" : [
    {
      "device" : {
        "architecture" : "arm64",
        "deviceId" : "28489DFE-9F3F-4746-98C6-F956F47FEC0C",
        "deviceName" : "iPhone 17 Pro",
        "modelName" : "iPhone 17 Pro",
        "osBuildNumber" : "23E244",
        "osVersion" : "26.4",
        "platform" : "iOS Simulator"
      },
      "expectedFailures" : 0,
      "failedTests" : 0,
      "passedTests" : 117,
      "skippedTests" : 0,
      "testPlanConfiguration" : {
        "configurationId" : "1",
        "configurationName" : "Test Scheme Action"
      }
    }
  ],
  "environmentDescription" : "NearWire-Package · Built with macOS 26.5.1",
  "expectedFailures" : 0,
  "failedTests" : 0,
  "finishTime" : 1783729133.069,
  "passedTests" : 117,
  "result" : "Passed",
  "skippedTests" : 0,
  "startTime" : 1783729120.177,
  "statistics" : [

  ],
  "testFailures" : [

  ],
  "title" : "Test - NearWire-Package",
  "topInsights" : [
    {
      "category" : "Longest Test Runs",
      "impact" : "91% of duration",
      "text" : "1 longest test run with outlier durations exceeding 0.23s (three standard deviations)"
    },
    {
      "category" : "Longest Test Runs",
      "impact" : "59% of duration",
      "text" : "1 longest test run with outlier durations exceeding 0.06s (three standard deviations)"
    }
  ],
  "totalTestCount" : 117
}
Building for debugging...
[0/13] /tmp/nearwire-package-harness.GLtjhy/CoreHarnessBuild/arm64-apple-macosx/debug/NearWireCoreHarnessPackageTests.derived/runner.swift
[1/13] Write sources
[10/13] Write swift-version--58304C5D6DBC2206.txt
[12/23] Compiling NearWireCore EventType.swift
[13/24] Compiling NearWireCore EventModelError.swift
[14/24] Compiling NearWireCore EventValidationLimits.swift
[15/24] Compiling NearWireCore EventMetadata.swift
[16/24] Compiling NearWireCore JSONValue.swift
[17/24] Compiling NearWireCore EventEnvelope.swift
[18/24] Compiling NearWireCore EventDraft.swift
[19/24] Compiling NearWireCore EventContentCodec.swift
[20/24] Emitting module NearWireCore
[21/24] Compiling NearWireCore PerformanceSnapshot.swift
[22/24] Compiling NearWireCore NearWireCoreModule.swift
[23/48] Compiling NearWireTransport NearWireTransportModule.swift
[24/49] Compiling NearWireFlowControl NearWireFlowControlModule.swift
[25/49] Compiling NearWireTransport WireNegotiation.swift
[26/49] Compiling NearWireTransport WireProtocolError.swift
[27/49] Emitting module NearWireTransport
[28/49] Compiling NearWireTransport WireSequence.swift
[29/49] Compiling NearWireTransport WireJSON.swift
[30/49] Compiling NearWireFlowControl EventQueueConfiguration.swift
[31/49] Compiling NearWireFlowControl FlowControlError.swift
[32/49] Compiling NearWireFlowControl EventBatchScheduler.swift
[33/49] Compiling NearWireFlowControl EventRateControl.swift
[34/49] Compiling NearWireTransport WireMessage.swift
[35/49] Compiling NearWireTransport WirePrimitives.swift
[36/49] Compiling NearWireTransport WireFrame.swift
[37/49] Compiling NearWireFlowControl BoundedEventQueue.swift
[38/49] Emitting module NearWireFlowControl
[39/49] Compiling NearWireTransport WireControlPayloads.swift
[40/49] Compiling NearWireTransport WireEventPayloads.swift
[41/65] Compiling NearWireTestSupport NearWireTestSupportModule.swift
[42/65] Emitting module NearWireTestSupport
[43/67] Compiling NearWireTestSupportTests ModuleSmokeTests.swift
[44/67] Emitting module NearWireTestSupportTests
[45/67] Compiling NearWireTransportTests WireTestSupport.swift
[46/67] Compiling NearWireCoreTests PerformanceSnapshotTests.swift
[47/67] Compiling NearWireCoreTests ModuleSmokeTests.swift
[48/67] Compiling NearWireTransportTests WireNegotiationTests.swift
[49/67] Emitting module NearWireTransportTests
[50/67] Compiling NearWireTransportTests ModuleSmokeTests.swift
[51/67] Compiling NearWireTransportTests WireEventTests.swift
[52/67] Compiling NearWireCoreTests EventTestSupport.swift
[53/67] Compiling NearWireCoreTests EventMetadataTests.swift
[54/67] Compiling NearWireCoreTests JSONValueTests.swift
[55/67] Emitting module NearWireCoreTests
[56/67] Compiling NearWireCoreTests EventEnvelopeTests.swift
[57/67] Compiling NearWireTransportTests WireGoldenFixtureTests.swift
[58/67] Compiling NearWireTransportTests WireFrameTests.swift
[59/67] Compiling NearWireTransportTests WireMessageTests.swift
[60/67] Compiling NearWireFlowControlTests BoundedEventQueueTests.swift
[61/67] Compiling NearWireFlowControlTests EventBatchSchedulerTests.swift
[62/67] Compiling NearWireFlowControlTests EventRateControlTests.swift
[63/67] Compiling NearWireFlowControlTests ModuleSmokeTests.swift
[64/67] Emitting module NearWireFlowControlTests
[65/67] Compiling NearWireFlowControlTests FlowControlTestSupport.swift
[66/69] Emitting module NearWireCoreHarnessPackageTests
[67/69] Compiling NearWireCoreHarnessPackageTests runner.swift
[67/69] Write Objects.LinkFileList
[68/69] Linking NearWireCoreHarnessPackageTests
Build complete! (11.10s)
Test Suite 'All tests' started at 2026-07-11 08:19:05.625.
Test Suite 'NearWireCoreHarnessPackageTests.xctest' started at 2026-07-11 08:19:05.626.
Test Suite 'BoundedEventQueueTests' started at 2026-07-11 08:19:05.626.
Test Case '-[NearWireFlowControlTests.BoundedEventQueueTests testAlreadyExpiredIncomingEventIsReportedWithoutBufferingOrOverflow]' started.
Test Case '-[NearWireFlowControlTests.BoundedEventQueueTests testAlreadyExpiredIncomingEventIsReportedWithoutBufferingOrOverflow]' passed (0.001 seconds).
Test Case '-[NearWireFlowControlTests.BoundedEventQueueTests testBackwardClockFailureIsAtomic]' started.
Test Case '-[NearWireFlowControlTests.BoundedEventQueueTests testBackwardClockFailureIsAtomic]' passed (0.000 seconds).
Test Case '-[NearWireFlowControlTests.BoundedEventQueueTests testByteBoundStopsWithoutRemovingNextFairEvent]' started.
Test Case '-[NearWireFlowControlTests.BoundedEventQueueTests testByteBoundStopsWithoutRemovingNextFairEvent]' passed (0.000 seconds).
Test Case '-[NearWireFlowControlTests.BoundedEventQueueTests testByteOverflowCanRequireMultipleEvictions]' started.
Test Case '-[NearWireFlowControlTests.BoundedEventQueueTests testByteOverflowCanRequireMultipleEvictions]' passed (0.000 seconds).
Test Case '-[NearWireFlowControlTests.BoundedEventQueueTests testCriticalPriorityCodableRoundTrip]' started.
Test Case '-[NearWireFlowControlTests.BoundedEventQueueTests testCriticalPriorityCodableRoundTrip]' passed (0.000 seconds).
Test Case '-[NearWireFlowControlTests.BoundedEventQueueTests testDeadlineOverflowFailsBeforeMutation]' started.
Test Case '-[NearWireFlowControlTests.BoundedEventQueueTests testDeadlineOverflowFailsBeforeMutation]' passed (0.000 seconds).
Test Case '-[NearWireFlowControlTests.BoundedEventQueueTests testDefaultAndInvalidConfiguration]' started.
Test Case '-[NearWireFlowControlTests.BoundedEventQueueTests testDefaultAndInvalidConfiguration]' passed (0.000 seconds).
Test Case '-[NearWireFlowControlTests.BoundedEventQueueTests testDuplicatePendingIDCannotEnterThroughKeepLatestReplacement]' started.
Test Case '-[NearWireFlowControlTests.BoundedEventQueueTests testDuplicatePendingIDCannotEnterThroughKeepLatestReplacement]' passed (0.000 seconds).
Test Case '-[NearWireFlowControlTests.BoundedEventQueueTests testDuplicatePendingIDIsRejectedAtomically]' started.
Test Case '-[NearWireFlowControlTests.BoundedEventQueueTests testDuplicatePendingIDIsRejectedAtomically]' passed (0.000 seconds).
Test Case '-[NearWireFlowControlTests.BoundedEventQueueTests testEmptyQueueStillRejectsClockReversal]' started.
Test Case '-[NearWireFlowControlTests.BoundedEventQueueTests testEmptyQueueStillRejectsClockReversal]' passed (0.000 seconds).
Test Case '-[NearWireFlowControlTests.BoundedEventQueueTests testExpirationAndReplacementTTLUseQueueClock]' started.
Test Case '-[NearWireFlowControlTests.BoundedEventQueueTests testExpirationAndReplacementTTLUseQueueClock]' passed (0.000 seconds).
Test Case '-[NearWireFlowControlTests.BoundedEventQueueTests testExpiredKeepLatestAdmissionDoesNotReplaceLiveStateOrEvictUrgentWork]' started.
Test Case '-[NearWireFlowControlTests.BoundedEventQueueTests testExpiredKeepLatestAdmissionDoesNotReplaceLiveStateOrEvictUrgentWork]' passed (0.000 seconds).
Test Case '-[NearWireFlowControlTests.BoundedEventQueueTests testGrowingReplacementCoalescesBeforeOverflow]' started.
Test Case '-[NearWireFlowControlTests.BoundedEventQueueTests testGrowingReplacementCoalescesBeforeOverflow]' passed (0.000 seconds).
Test Case '-[NearWireFlowControlTests.BoundedEventQueueTests testHardBoundFillAndSingleEventDrainRemainFIFO]' started.
Test Case '-[NearWireFlowControlTests.BoundedEventQueueTests testHardBoundFillAndSingleEventDrainRemainFIFO]' passed (0.133 seconds).
Test Case '-[NearWireFlowControlTests.BoundedEventQueueTests testIncomingLowPriorityCanBeDroppedToProtectCriticalWork]' started.
Test Case '-[NearWireFlowControlTests.BoundedEventQueueTests testIncomingLowPriorityCanBeDroppedToProtectCriticalWork]' passed (0.000 seconds).
Test Case '-[NearWireFlowControlTests.BoundedEventQueueTests testKeepLatestPromotionAndDemotionPreserveOrdinalWithinNewLane]' started.
Test Case '-[NearWireFlowControlTests.BoundedEventQueueTests testKeepLatestPromotionAndDemotionPreserveOrdinalWithinNewLane]' passed (0.000 seconds).
Test Case '-[NearWireFlowControlTests.BoundedEventQueueTests testKeepLatestReplacesMetadataAndRetainsLogicalOrdinal]' started.
Test Case '-[NearWireFlowControlTests.BoundedEventQueueTests testKeepLatestReplacesMetadataAndRetainsLogicalOrdinal]' passed (0.000 seconds).
Test Case '-[NearWireFlowControlTests.BoundedEventQueueTests testNormalEventsRemainDistinctAndCountOverflowEvictsOldestLowPriority]' started.
Test Case '-[NearWireFlowControlTests.BoundedEventQueueTests testNormalEventsRemainDistinctAndCountOverflowEvictsOldestLowPriority]' passed (0.000 seconds).
Test Case '-[NearWireFlowControlTests.BoundedEventQueueTests testRepeatedKeepLatestReplacementCompactsStaleHeapNodes]' started.
Test Case '-[NearWireFlowControlTests.BoundedEventQueueTests testRepeatedKeepLatestReplacementCompactsStaleHeapNodes]' passed (0.001 seconds).
Test Case '-[NearWireFlowControlTests.BoundedEventQueueTests testSnapshotAndClearAreExact]' started.
Test Case '-[NearWireFlowControlTests.BoundedEventQueueTests testSnapshotAndClearAreExact]' passed (0.000 seconds).
Test Case '-[NearWireFlowControlTests.BoundedEventQueueTests testWeightedCycleAndFIFOWithinPriority]' started.
Test Case '-[NearWireFlowControlTests.BoundedEventQueueTests testWeightedCycleAndFIFOWithinPriority]' passed (0.000 seconds).
Test Case '-[NearWireFlowControlTests.BoundedEventQueueTests testWeightedFairnessPersistsAcrossSingleEventDequeueCalls]' started.
Test Case '-[NearWireFlowControlTests.BoundedEventQueueTests testWeightedFairnessPersistsAcrossSingleEventDequeueCalls]' passed (0.000 seconds).
Test Suite 'BoundedEventQueueTests' passed at 2026-07-11 08:19:05.767.
	 Executed 22 tests, with 0 failures (0 unexpected) in 0.139 (0.141) seconds
Test Suite 'EventBatchSchedulerTests' started at 2026-07-11 08:19:05.767.
Test Case '-[NearWireFlowControlTests.EventBatchSchedulerTests testByteBoundConsumesOnlySelectedTokenAndPreservesNextEvent]' started.
Test Case '-[NearWireFlowControlTests.EventBatchSchedulerTests testByteBoundConsumesOnlySelectedTokenAndPreservesNextEvent]' passed (0.000 seconds).
Test Case '-[NearWireFlowControlTests.EventBatchSchedulerTests testDueAttemptReportsExpiredIDsEvenWhenPaused]' started.
Test Case '-[NearWireFlowControlTests.EventBatchSchedulerTests testDueAttemptReportsExpiredIDsEvenWhenPaused]' passed (0.000 seconds).
Test Case '-[NearWireFlowControlTests.EventBatchSchedulerTests testEarlyAndExactlyDueFlush]' started.
Test Case '-[NearWireFlowControlTests.EventBatchSchedulerTests testEarlyAndExactlyDueFlush]' passed (0.000 seconds).
Test Case '-[NearWireFlowControlTests.EventBatchSchedulerTests testPausedAndEmptyDueAttemptsAdvanceWithoutCatchUp]' started.
Test Case '-[NearWireFlowControlTests.EventBatchSchedulerTests testPausedAndEmptyDueAttemptsAdvanceWithoutCatchUp]' passed (0.000 seconds).
Test Case '-[NearWireFlowControlTests.EventBatchSchedulerTests testRepeatedPausedFlushesAtHardBoundUseExpirationIndex]' started.
Test Case '-[NearWireFlowControlTests.EventBatchSchedulerTests testRepeatedPausedFlushesAtHardBoundUseExpirationIndex]' passed (0.037 seconds).
Test Case '-[NearWireFlowControlTests.EventBatchSchedulerTests testRepeatedSingleEventScheduledDrainsAtLargeDepth]' started.
Test Case '-[NearWireFlowControlTests.EventBatchSchedulerTests testRepeatedSingleEventScheduledDrainsAtLargeDepth]' passed (0.024 seconds).
Test Case '-[NearWireFlowControlTests.EventBatchSchedulerTests testRuntimeQueueCompatibilityAndBackwardClockFailAtomically]' started.
Test Case '-[NearWireFlowControlTests.EventBatchSchedulerTests testRuntimeQueueCompatibilityAndBackwardClockFailAtomically]' passed (0.000 seconds).
Test Case '-[NearWireFlowControlTests.EventBatchSchedulerTests testTokenAndBatchConfigurationBounds]' started.
Test Case '-[NearWireFlowControlTests.EventBatchSchedulerTests testTokenAndBatchConfigurationBounds]' passed (0.000 seconds).
Test Case '-[NearWireFlowControlTests.EventBatchSchedulerTests testTokenBackedDueAttemptReportsExpirationAlongsideLiveBatch]' started.
Test Case '-[NearWireFlowControlTests.EventBatchSchedulerTests testTokenBackedDueAttemptReportsExpirationAlongsideLiveBatch]' passed (0.000 seconds).
Test Suite 'EventBatchSchedulerTests' passed at 2026-07-11 08:19:05.829.
	 Executed 9 tests, with 0 failures (0 unexpected) in 0.062 (0.062) seconds
Test Suite 'EventEnvelopeTests' started at 2026-07-11 08:19:05.829.
Test Case '-[NearWireCoreTests.EventEnvelopeTests testAggregateDecodeAppliesOneCustomLimitSet]' started.
Test Case '-[NearWireCoreTests.EventEnvelopeTests testAggregateDecodeAppliesOneCustomLimitSet]' passed (0.001 seconds).
Test Case '-[NearWireCoreTests.EventEnvelopeTests testAggregateDecodeBoundsUnknownBytesAndTaggedDepthBeforeMaterialization]' started.
Test Case '-[NearWireCoreTests.EventEnvelopeTests testAggregateDecodeBoundsUnknownBytesAndTaggedDepthBeforeMaterialization]' passed (0.002 seconds).
Test Case '-[NearWireCoreTests.EventEnvelopeTests testDraftCodableRoundTripUsesCompactContentAndCustomLimits]' started.
Test Case '-[NearWireCoreTests.EventEnvelopeTests testDraftCodableRoundTripUsesCompactContentAndCustomLimits]' passed (0.000 seconds).
Test Case '-[NearWireCoreTests.EventEnvelopeTests testEnvelopeRejectsDirectionAndTimestampInvariants]' started.
Test Case '-[NearWireCoreTests.EventEnvelopeTests testEnvelopeRejectsDirectionAndTimestampInvariants]' passed (0.000 seconds).
Test Case '-[NearWireCoreTests.EventEnvelopeTests testEnvelopeRoundTripAndUnknownFieldCompatibility]' started.
Test Case '-[NearWireCoreTests.EventEnvelopeTests testEnvelopeRoundTripAndUnknownFieldCompatibility]' passed (0.000 seconds).
Test Case '-[NearWireCoreTests.EventEnvelopeTests testFactoryDeterministicallyEnrichesDraft]' started.
Test Case '-[NearWireCoreTests.EventEnvelopeTests testFactoryDeterministicallyEnrichesDraft]' passed (0.000 seconds).
Test Case '-[NearWireCoreTests.EventEnvelopeTests testMissingRequiredFieldFailsWithTypedEnvelopeError]' started.
Test Case '-[NearWireCoreTests.EventEnvelopeTests testMissingRequiredFieldFailsWithTypedEnvelopeError]' passed (0.001 seconds).
Test Case '-[NearWireCoreTests.EventEnvelopeTests testNearContentLimitCompactTaggedEnvelopeRoundTrips]' started.
Test Case '-[NearWireCoreTests.EventEnvelopeTests testNearContentLimitCompactTaggedEnvelopeRoundTrips]' passed (0.455 seconds).
Test Suite 'EventEnvelopeTests' passed at 2026-07-11 08:19:06.288.
	 Executed 8 tests, with 0 failures (0 unexpected) in 0.458 (0.459) seconds
Test Suite 'EventMetadataTests' started at 2026-07-11 08:19:06.288.
Test Case '-[NearWireCoreTests.EventMetadataTests testCanonicalUUIDIdentifiers]' started.
Test Case '-[NearWireCoreTests.EventMetadataTests testCanonicalUUIDIdentifiers]' passed (0.000 seconds).
Test Case '-[NearWireCoreTests.EventMetadataTests testEndpointIdentifiersAndDirectionRoles]' started.
Test Case '-[NearWireCoreTests.EventMetadataTests testEndpointIdentifiersAndDirectionRoles]' passed (0.000 seconds).
Test Case '-[NearWireCoreTests.EventMetadataTests testEventTypeNamespacesAndGrammar]' started.
Test Case '-[NearWireCoreTests.EventMetadataTests testEventTypeNamespacesAndGrammar]' passed (0.000 seconds).
Test Case '-[NearWireCoreTests.EventMetadataTests testSchemaSequenceAndCausalityRoundTrip]' started.
Test Case '-[NearWireCoreTests.EventMetadataTests testSchemaSequenceAndCausalityRoundTrip]' passed (0.000 seconds).
Test Case '-[NearWireCoreTests.EventMetadataTests testTTLDefaultsBoundsAndOverflowSafeExpiration]' started.
Test Case '-[NearWireCoreTests.EventMetadataTests testTTLDefaultsBoundsAndOverflowSafeExpiration]' passed (0.000 seconds).
Test Suite 'EventMetadataTests' passed at 2026-07-11 08:19:06.289.
	 Executed 5 tests, with 0 failures (0 unexpected) in 0.001 (0.001) seconds
Test Suite 'EventRateControlTests' started at 2026-07-11 08:19:06.289.
Test Case '-[NearWireFlowControlTests.EventRateControlTests testBackwardClockIsAtomic]' started.
Test Case '-[NearWireFlowControlTests.EventRateControlTests testBackwardClockIsAtomic]' passed (0.000 seconds).
Test Case '-[NearWireFlowControlTests.EventRateControlTests testBurstReconfigurationClampsWithoutManufacturingTokens]' started.
Test Case '-[NearWireFlowControlTests.EventRateControlTests testBurstReconfigurationClampsWithoutManufacturingTokens]' passed (0.000 seconds).
Test Case '-[NearWireFlowControlTests.EventRateControlTests testConsumptionCannotExceedWholeTokens]' started.
Test Case '-[NearWireFlowControlTests.EventRateControlTests testConsumptionCannotExceedWholeTokens]' passed (0.000 seconds).
Test Case '-[NearWireFlowControlTests.EventRateControlTests testInvalidBurstReconfigurationIsAtomic]' started.
Test Case '-[NearWireFlowControlTests.EventRateControlTests testInvalidBurstReconfigurationIsAtomic]' passed (0.000 seconds).
Test Case '-[NearWireFlowControlTests.EventRateControlTests testLargeElapsedTimeClampsToCapacity]' started.
Test Case '-[NearWireFlowControlTests.EventRateControlTests testLargeElapsedTimeClampsToCapacity]' passed (0.000 seconds).
Test Case '-[NearWireFlowControlTests.EventRateControlTests testMinimumPositiveRateHasRepresentableNextTokenDelay]' started.
Test Case '-[NearWireFlowControlTests.EventRateControlTests testMinimumPositiveRateHasRepresentableNextTokenDelay]' passed (0.000 seconds).
Test Case '-[NearWireFlowControlTests.EventRateControlTests testPauseResumeAndRateDecreaseDoNotCreateTokens]' started.
Test Case '-[NearWireFlowControlTests.EventRateControlTests testPauseResumeAndRateDecreaseDoNotCreateTokens]' passed (0.000 seconds).
Test Case '-[NearWireFlowControlTests.EventRateControlTests testRateValidationAndConservativeNegotiation]' started.
Test Case '-[NearWireFlowControlTests.EventRateControlTests testRateValidationAndConservativeNegotiation]' passed (0.000 seconds).
Test Case '-[NearWireFlowControlTests.EventRateControlTests testResumeAtSubOneRateDoesNotManufactureToken]' started.
Test Case '-[NearWireFlowControlTests.EventRateControlTests testResumeAtSubOneRateDoesNotManufactureToken]' passed (0.000 seconds).
Test Case '-[NearWireFlowControlTests.EventRateControlTests testSubOneRateCanAccumulateAndProduceWholeTokens]' started.
Test Case '-[NearWireFlowControlTests.EventRateControlTests testSubOneRateCanAccumulateAndProduceWholeTokens]' passed (0.000 seconds).
Test Case '-[NearWireFlowControlTests.EventRateControlTests testTokenBucketInitialBurstFractionalRefillAndDelay]' started.
Test Case '-[NearWireFlowControlTests.EventRateControlTests testTokenBucketInitialBurstFractionalRefillAndDelay]' passed (0.000 seconds).
Test Suite 'EventRateControlTests' passed at 2026-07-11 08:19:06.290.
	 Executed 11 tests, with 0 failures (0 unexpected) in 0.001 (0.001) seconds
Test Suite 'JSONValueTests' started at 2026-07-11 08:19:06.290.
Test Case '-[NearWireCoreTests.JSONValueTests testCodableBridgeUsesStableDateAndBase64]' started.
Test Case '-[NearWireCoreTests.JSONValueTests testCodableBridgeUsesStableDateAndBase64]' passed (0.002 seconds).
Test Case '-[NearWireCoreTests.JSONValueTests testContentCodecPropagatesCustomLimitsToNestedModels]' started.
Test Case '-[NearWireCoreTests.JSONValueTests testContentCodecPropagatesCustomLimitsToNestedModels]' passed (0.000 seconds).
Test Case '-[NearWireCoreTests.JSONValueTests testDecodeFailureDoesNotMutateOriginalContent]' started.
Test Case '-[NearWireCoreTests.JSONValueTests testDecodeFailureDoesNotMutateOriginalContent]' passed (0.000 seconds).
Test Case '-[NearWireCoreTests.JSONValueTests testEveryJSONCaseRoundTripsDeterministically]' started.
Test Case '-[NearWireCoreTests.JSONValueTests testEveryJSONCaseRoundTripsDeterministically]' passed (0.000 seconds).
Test Case '-[NearWireCoreTests.JSONValueTests testIntegerAndFloatingPointIntentRemainDistinct]' started.
Test Case '-[NearWireCoreTests.JSONValueTests testIntegerAndFloatingPointIntentRemainDistinct]' passed (0.000 seconds).
Test Case '-[NearWireCoreTests.JSONValueTests testInvalidNumbersFailWithoutProducingAValue]' started.
Test Case '-[NearWireCoreTests.JSONValueTests testInvalidNumbersFailWithoutProducingAValue]' passed (0.000 seconds).
Test Case '-[NearWireCoreTests.JSONValueTests testInvalidValidationConfigurationsFail]' started.
Test Case '-[NearWireCoreTests.JSONValueTests testInvalidValidationConfigurationsFail]' passed (0.000 seconds).
Test Case '-[NearWireCoreTests.JSONValueTests testNonJSONCodableValueIsRejected]' started.
Test Case '-[NearWireCoreTests.JSONValueTests testNonJSONCodableValueIsRejected]' passed (0.000 seconds).
Test Case '-[NearWireCoreTests.JSONValueTests testStructuralLimitsReportStablePaths]' started.
Test Case '-[NearWireCoreTests.JSONValueTests testStructuralLimitsReportStablePaths]' passed (0.000 seconds).
Test Case '-[NearWireCoreTests.JSONValueTests testTaggedCodableRoundTripPreservesNumericCases]' started.
Test Case '-[NearWireCoreTests.JSONValueTests testTaggedCodableRoundTripPreservesNumericCases]' passed (0.000 seconds).
Test Suite 'JSONValueTests' passed at 2026-07-11 08:19:06.293.
	 Executed 10 tests, with 0 failures (0 unexpected) in 0.003 (0.004) seconds
Test Suite 'NearWireCoreModuleSmokeTests' started at 2026-07-11 08:19:06.293.
Test Case '-[NearWireCoreTests.NearWireCoreModuleSmokeTests testModuleIsAvailable]' started.
Test Case '-[NearWireCoreTests.NearWireCoreModuleSmokeTests testModuleIsAvailable]' passed (0.000 seconds).
Test Suite 'NearWireCoreModuleSmokeTests' passed at 2026-07-11 08:19:06.293.
	 Executed 1 test, with 0 failures (0 unexpected) in 0.000 (0.000) seconds
Test Suite 'NearWireFlowControlModuleSmokeTests' started at 2026-07-11 08:19:06.293.
Test Case '-[NearWireFlowControlTests.NearWireFlowControlModuleSmokeTests testModuleIsAvailable]' started.
Test Case '-[NearWireFlowControlTests.NearWireFlowControlModuleSmokeTests testModuleIsAvailable]' passed (0.000 seconds).
Test Suite 'NearWireFlowControlModuleSmokeTests' passed at 2026-07-11 08:19:06.294.
	 Executed 1 test, with 0 failures (0 unexpected) in 0.000 (0.000) seconds
Test Suite 'NearWireTestSupportModuleSmokeTests' started at 2026-07-11 08:19:06.294.
Test Case '-[NearWireTestSupportTests.NearWireTestSupportModuleSmokeTests testModuleIsAvailable]' started.
Test Case '-[NearWireTestSupportTests.NearWireTestSupportModuleSmokeTests testModuleIsAvailable]' passed (0.000 seconds).
Test Suite 'NearWireTestSupportModuleSmokeTests' passed at 2026-07-11 08:19:06.294.
	 Executed 1 test, with 0 failures (0 unexpected) in 0.000 (0.000) seconds
Test Suite 'NearWireTransportModuleSmokeTests' started at 2026-07-11 08:19:06.294.
Test Case '-[NearWireTransportTests.NearWireTransportModuleSmokeTests testModuleIsAvailable]' started.
Test Case '-[NearWireTransportTests.NearWireTransportModuleSmokeTests testModuleIsAvailable]' passed (0.000 seconds).
Test Suite 'NearWireTransportModuleSmokeTests' passed at 2026-07-11 08:19:06.294.
	 Executed 1 test, with 0 failures (0 unexpected) in 0.000 (0.000) seconds
Test Suite 'PerformanceSnapshotTests' started at 2026-07-11 08:19:06.294.
Test Case '-[NearWireCoreTests.PerformanceSnapshotTests testCompleteSnapshotRoundTripsThroughContentCodec]' started.
Test Case '-[NearWireCoreTests.PerformanceSnapshotTests testCompleteSnapshotRoundTripsThroughContentCodec]' passed (0.001 seconds).
Test Case '-[NearWireCoreTests.PerformanceSnapshotTests testEveryRequiredSnapshotHeaderMustBePresent]' started.
Test Case '-[NearWireCoreTests.PerformanceSnapshotTests testEveryRequiredSnapshotHeaderMustBePresent]' passed (0.000 seconds).
Test Case '-[NearWireCoreTests.PerformanceSnapshotTests testFutureFieldsAndEnumValuesAreAccepted]' started.
Test Case '-[NearWireCoreTests.PerformanceSnapshotTests testFutureFieldsAndEnumValuesAreAccepted]' passed (0.000 seconds).
Test Case '-[NearWireCoreTests.PerformanceSnapshotTests testInvalidSnapshotHeadersAndMetricsReportPaths]' started.
Test Case '-[NearWireCoreTests.PerformanceSnapshotTests testInvalidSnapshotHeadersAndMetricsReportPaths]' passed (0.000 seconds).
Test Case '-[NearWireCoreTests.PerformanceSnapshotTests testMetricBoundariesAndRealZeroArePreserved]' started.
Test Case '-[NearWireCoreTests.PerformanceSnapshotTests testMetricBoundariesAndRealZeroArePreserved]' passed (0.000 seconds).
Test Case '-[NearWireCoreTests.PerformanceSnapshotTests testMissingAndUnavailableMetricsRemainDistinct]' started.
Test Case '-[NearWireCoreTests.PerformanceSnapshotTests testMissingAndUnavailableMetricsRemainDistinct]' passed (0.000 seconds).
Test Case '-[NearWireCoreTests.PerformanceSnapshotTests testSchemaConstructionHasNoObservableSideEffects]' started.
Test Case '-[NearWireCoreTests.PerformanceSnapshotTests testSchemaConstructionHasNoObservableSideEffects]' passed (0.000 seconds).
Test Suite 'PerformanceSnapshotTests' passed at 2026-07-11 08:19:06.296.
	 Executed 7 tests, with 0 failures (0 unexpected) in 0.002 (0.003) seconds
Test Suite 'WireEventTests' started at 2026-07-11 08:19:06.296.
Test Case '-[NearWireTransportTests.WireEventTests testBatchRequiresOneEpochDirectionAndContiguousSequence]' started.
Test Case '-[NearWireTransportTests.WireEventTests testBatchRequiresOneEpochDirectionAndContiguousSequence]' passed (0.007 seconds).
Test Case '-[NearWireTransportTests.WireEventTests testBatchSequenceOverflowIsRejectedBeforeEncoding]' started.
Test Case '-[NearWireTransportTests.WireEventTests testBatchSequenceOverflowIsRejectedBeforeEncoding]' passed (0.002 seconds).
Test Case '-[NearWireTransportTests.WireEventTests testDecodedBatchCountIsRejectedBeforeElementConstruction]' started.
Test Case '-[NearWireTransportTests.WireEventTests testDecodedBatchCountIsRejectedBeforeElementConstruction]' passed (0.000 seconds).
Test Case '-[NearWireTransportTests.WireEventTests testDecodeUsesActiveEventModelLimitsAndNormalizesModelErrors]' started.
Test Case '-[NearWireTransportTests.WireEventTests testDecodeUsesActiveEventModelLimitsAndNormalizesModelErrors]' passed (0.001 seconds).
Test Case '-[NearWireTransportTests.WireEventTests testDropSummaryIsDiagnosticPlainData]' started.
Test Case '-[NearWireTransportTests.WireEventTests testDropSummaryIsDiagnosticPlainData]' passed (0.000 seconds).
Test Case '-[NearWireTransportTests.WireEventTests testEventAndBatchLimitsAreEnforced]' started.
Test Case '-[NearWireTransportTests.WireEventTests testEventAndBatchLimitsAreEnforced]' passed (0.001 seconds).
Test Case '-[NearWireTransportTests.WireEventTests testMalformedEventDateAndAggregateBatchFrameLimitAreRejected]' started.
Test Case '-[NearWireTransportTests.WireEventTests testMalformedEventDateAndAggregateBatchFrameLimitAreRejected]' passed (0.001 seconds).
Test Case '-[NearWireTransportTests.WireEventTests testOriginDeadlineOverflowAndCanonicalDateRules]' started.
Test Case '-[NearWireTransportTests.WireEventTests testOriginDeadlineOverflowAndCanonicalDateRules]' passed (0.002 seconds).
Test Case '-[NearWireTransportTests.WireEventTests testPlainJSONEventPreservesEveryContentCaseWithoutInternalTags]' started.
Test Case '-[NearWireTransportTests.WireEventTests testPlainJSONEventPreservesEveryContentCaseWithoutInternalTags]' passed (0.001 seconds).
Test Case '-[NearWireTransportTests.WireEventTests testSenderTTLAndReceiverLocalDeadline]' started.
Test Case '-[NearWireTransportTests.WireEventTests testSenderTTLAndReceiverLocalDeadline]' passed (0.001 seconds).
Test Case '-[NearWireTransportTests.WireEventTests testV1BatchExactlyAtEventFrameBoundarySucceeds]' started.
Test Case '-[NearWireTransportTests.WireEventTests testV1BatchExactlyAtEventFrameBoundarySucceeds]' passed (0.002 seconds).
Test Suite 'WireEventTests' passed at 2026-07-11 08:19:06.314.
	 Executed 11 tests, with 0 failures (0 unexpected) in 0.017 (0.017) seconds
Test Suite 'WireFrameTests' started at 2026-07-11 08:19:06.314.
Test Case '-[NearWireTransportTests.WireFrameTests testByteAtATimeFragmentationAndCoalescedFrames]' started.
Test Case '-[NearWireTransportTests.WireFrameTests testByteAtATimeFragmentationAndCoalescedFrames]' passed (0.000 seconds).
Test Case '-[NearWireTransportTests.WireFrameTests testCallbackFailureIsTerminalAndDoesNotExposePrivateError]' started.
Test Case '-[NearWireTransportTests.WireFrameTests testCallbackFailureIsTerminalAndDoesNotExposePrivateError]' passed (0.000 seconds).
Test Case '-[NearWireTransportTests.WireFrameTests testEmptyConsumeIsANoOpAndManyFramesStayBounded]' started.
Test Case '-[NearWireTransportTests.WireFrameTests testEmptyConsumeIsANoOpAndManyFramesStayBounded]' passed (0.002 seconds).
Test Case '-[NearWireTransportTests.WireFrameTests testExactBigEndianFrameAndRoundTrip]' started.
Test Case '-[NearWireTransportTests.WireFrameTests testExactBigEndianFrameAndRoundTrip]' passed (0.000 seconds).
Test Case '-[NearWireTransportTests.WireFrameTests testFinishRejectsTruncatedPrefixAndPayload]' started.
Test Case '-[NearWireTransportTests.WireFrameTests testFinishRejectsTruncatedPrefixAndPayload]' passed (0.000 seconds).
Test Case '-[NearWireTransportTests.WireFrameTests testInvalidLengthUnknownLaneAndTerminalReuse]' started.
Test Case '-[NearWireTransportTests.WireFrameTests testInvalidLengthUnknownLaneAndTerminalReuse]' passed (0.000 seconds).
Test Case '-[NearWireTransportTests.WireFrameTests testLaneSpecificLimitsAreAppliedAfterLaneByte]' started.
Test Case '-[NearWireTransportTests.WireFrameTests testLaneSpecificLimitsAreAppliedAfterLaneByte]' passed (0.000 seconds).
Test Suite 'WireFrameTests' passed at 2026-07-11 08:19:06.316.
	 Executed 7 tests, with 0 failures (0 unexpected) in 0.002 (0.002) seconds
Test Suite 'WireGoldenFixtureTests' started at 2026-07-11 08:19:06.316.
Test Case '-[NearWireTransportTests.WireGoldenFixtureTests testCanonicalFixtureBytesAndCheckedInFiles]' started.
Test Case '-[NearWireTransportTests.WireGoldenFixtureTests testCanonicalFixtureBytesAndCheckedInFiles]' passed (0.005 seconds).
Test Case '-[NearWireTransportTests.WireGoldenFixtureTests testCanonicalFixturesDecode]' started.
Test Case '-[NearWireTransportTests.WireGoldenFixtureTests testCanonicalFixturesDecode]' passed (0.005 seconds).
Test Suite 'WireGoldenFixtureTests' passed at 2026-07-11 08:19:06.326.
	 Executed 2 tests, with 0 failures (0 unexpected) in 0.009 (0.009) seconds
Test Suite 'WireMessageTests' started at 2026-07-11 08:19:06.326.
Test Case '-[NearWireTransportTests.WireMessageTests testControlPayloadsRoundTripAndTextBounds]' started.
Test Case '-[NearWireTransportTests.WireMessageTests testControlPayloadsRoundTripAndTextBounds]' passed (0.001 seconds).
Test Case '-[NearWireTransportTests.WireMessageTests testDirectPublicPayloadDecodeNormalizesCoreModelErrors]' started.
Test Case '-[NearWireTransportTests.WireMessageTests testDirectPublicPayloadDecodeNormalizesCoreModelErrors]' passed (0.000 seconds).
Test Case '-[NearWireTransportTests.WireMessageTests testHelloMessageIsDeterministicAndTypedRoundTrips]' started.
Test Case '-[NearWireTransportTests.WireMessageTests testHelloMessageIsDeterministicAndTypedRoundTrips]' passed (0.000 seconds).
Test Case '-[NearWireTransportTests.WireMessageTests testInvalidJSONAndTaggedUInt64AreRejected]' started.
Test Case '-[NearWireTransportTests.WireMessageTests testInvalidJSONAndTaggedUInt64AreRejected]' passed (0.000 seconds).
Test Case '-[NearWireTransportTests.WireMessageTests testNoncanonicalAndDuplicateJSONAreRejected]' started.
Test Case '-[NearWireTransportTests.WireMessageTests testNoncanonicalAndDuplicateJSONAreRejected]' passed (0.000 seconds).
Test Case '-[NearWireTransportTests.WireMessageTests testPrimitiveConfigurationBoundariesAndSendability]' started.
Test Case '-[NearWireTransportTests.WireMessageTests testPrimitiveConfigurationBoundariesAndSendability]' passed (0.000 seconds).
Test Case '-[NearWireTransportTests.WireMessageTests testProtocolVersionCodableUsesValidatedScalarRepresentation]' started.
Test Case '-[NearWireTransportTests.WireMessageTests testProtocolVersionCodableUsesValidatedScalarRepresentation]' passed (0.000 seconds).
Test Case '-[NearWireTransportTests.WireMessageTests testSessionCodecBindsVersionCapabilitiesAndTerminalDecodeErrors]' started.
Test Case '-[NearWireTransportTests.WireMessageTests testSessionCodecBindsVersionCapabilitiesAndTerminalDecodeErrors]' passed (0.000 seconds).
Test Case '-[NearWireTransportTests.WireMessageTests testSessionCodecRejectsUnsupportedVersionAndLocalLimitWidening]' started.
Test Case '-[NearWireTransportTests.WireMessageTests testSessionCodecRejectsUnsupportedVersionAndLocalLimitWidening]' passed (0.000 seconds).
Test Case '-[NearWireTransportTests.WireMessageTests testTokenValidationUsesDomainSpecificErrors]' started.
Test Case '-[NearWireTransportTests.WireMessageTests testTokenValidationUsesDomainSpecificErrors]' passed (0.000 seconds).
Test Case '-[NearWireTransportTests.WireMessageTests testUnknownEnvelopeFieldIsIgnoredButRequiredFieldsRemainRequired]' started.
Test Case '-[NearWireTransportTests.WireMessageTests testUnknownEnvelopeFieldIsIgnoredButRequiredFieldsRemainRequired]' passed (0.000 seconds).
Test Case '-[NearWireTransportTests.WireMessageTests testWrongLaneAndPhaseAdmissionAreRejected]' started.
Test Case '-[NearWireTransportTests.WireMessageTests testWrongLaneAndPhaseAdmissionAreRejected]' passed (0.000 seconds).
Test Suite 'WireMessageTests' passed at 2026-07-11 08:19:06.329.
	 Executed 12 tests, with 0 failures (0 unexpected) in 0.003 (0.003) seconds
Test Suite 'WireNegotiationTests' started at 2026-07-11 08:19:06.329.
Test Case '-[NearWireTransportTests.WireNegotiationTests testAcknowledgementCannotEscalateNegotiatedValues]' started.
Test Case '-[NearWireTransportTests.WireNegotiationTests testAcknowledgementCannotEscalateNegotiatedValues]' passed (0.000 seconds).
Test Case '-[NearWireTransportTests.WireNegotiationTests testHighestVersionConservativeLimitAndCapabilityIntersection]' started.
Test Case '-[NearWireTransportTests.WireNegotiationTests testHighestVersionConservativeLimitAndCapabilityIntersection]' passed (0.000 seconds).
Test Case '-[NearWireTransportTests.WireNegotiationTests testIncompatibleVersionRoleCodecAndPolicyFail]' started.
Test Case '-[NearWireTransportTests.WireNegotiationTests testIncompatibleVersionRoleCodecAndPolicyFail]' passed (0.000 seconds).
Test Case '-[NearWireTransportTests.WireNegotiationTests testProductVersionsAreDiagnosticAndUnknownCapabilitiesIntersectExactly]' started.
Test Case '-[NearWireTransportTests.WireNegotiationTests testProductVersionsAreDiagnosticAndUnknownCapabilitiesIntersectExactly]' passed (0.000 seconds).
Test Case '-[NearWireTransportTests.WireNegotiationTests testSequenceCounterValidatorGapDuplicateDirectionAndEpoch]' started.
Test Case '-[NearWireTransportTests.WireNegotiationTests testSequenceCounterValidatorGapDuplicateDirectionAndEpoch]' passed (0.000 seconds).
Test Case '-[NearWireTransportTests.WireNegotiationTests testSequenceMaximumCanBeAllocatedAndValidatedOnce]' started.
Test Case '-[NearWireTransportTests.WireNegotiationTests testSequenceMaximumCanBeAllocatedAndValidatedOnce]' passed (0.000 seconds).
Test Suite 'WireNegotiationTests' passed at 2026-07-11 08:19:06.329.
	 Executed 6 tests, with 0 failures (0 unexpected) in 0.001 (0.001) seconds
Test Suite 'NearWireCoreHarnessPackageTests.xctest' passed at 2026-07-11 08:19:06.329.
	 Executed 114 tests, with 0 failures (0 unexpected) in 0.698 (0.704) seconds
Test Suite 'All tests' passed at 2026-07-11 08:19:06.329.
	 Executed 114 tests, with 0 failures (0 unexpected) in 0.698 (0.704) seconds
◇ Test run started.
↳ Testing Library Version: 1902
↳ Target Platform: arm64e-apple-macos14.0
✔ Test run with 0 tests in 0 suites passed after 0.001 seconds.
Swift Package verification passed.

EXIT_STATUS: 0
FINISHED_AT_UTC: 2026-07-11T00:19:06Z
