COMMAND:
 ./Scripts/verify-package.sh
RUN_ID: 20260710T232302Z-39035
GATE_ID: swift-package
STARTED_AT_UTC: 2026-07-10T23:23:10Z

Core package fixture parity passed.
Building for debugging...
[0/2] Write sources
[1/2] Write swift-version--58304C5D6DBC2206.txt
[3/5] Compiling NearWireFlowControl BoundedEventQueue.swift
[4/5] Compiling NearWireFlowControl EventBatchScheduler.swift
[5/5] Emitting module NearWireFlowControl
[6/7] Emitting module NearWireTestSupport
[7/7] Emitting module NearWire
Build complete! (0.63s)
Building for debugging...
[0/1] Write swift-version--58304C5D6DBC2206.txt
Build of target: 'NearWireCore' complete! (0.11s)
Building for debugging...
[0/1] Write swift-version--58304C5D6DBC2206.txt
Build of target: 'NearWireTransport' complete! (0.11s)
Building for debugging...
[0/2] Write sources
[1/2] Write swift-version--58304C5D6DBC2206.txt
[3/5] Compiling NearWireFlowControl BoundedEventQueue.swift
[4/5] Emitting module NearWireFlowControl
[5/5] Compiling NearWireFlowControl EventBatchScheduler.swift
Build of target: 'NearWireFlowControl' complete! (0.50s)
Building for debugging...
[0/1] Write swift-version--58304C5D6DBC2206.txt
[2/2] Emitting module NearWireTestSupport
Build of target: 'NearWireTestSupport' complete! (0.21s)
2026-07-11 07:23:16.428 xcodebuild[40833:22870814] [MT] IDERunDestination: Supported platforms for the buildables in the current scheme is empty.
Writing result bundle at path:
	/tmp/nearwire-package-harness.D5z4uD/NearWire-iOS.xcresult

2026-07-11 07:23:28.562 xcodebuild[40833:22870814] [MT] IDETestOperationsObserverDebug: 5.511 elapsed -- Testing started completed.
2026-07-11 07:23:28.562 xcodebuild[40833:22870814] [MT] IDETestOperationsObserverDebug: 0.000 sec, +0.000 sec -- start
2026-07-11 07:23:28.562 xcodebuild[40833:22870814] [MT] IDETestOperationsObserverDebug: 5.511 sec, +5.511 sec -- end
Testing started
{
  "devicesAndConfigurations" : [
    {
      "device" : {
        "architecture" : "arm64",
        "deviceId" : "28489DFE-9F3F-4746-98C6-F956F47FEC0C",
        "deviceName" : "iPhone 17 Pro",
        "modelName" : "iPhone 17 Pro",
        "osBuildNumber" : "23E244",
        "osVersion" : "26.4",
        "platform" : "iOS Simulator"
      },
      "expectedFailures" : 0,
      "failedTests" : 0,
      "passedTests" : 79,
      "skippedTests" : 0,
      "testPlanConfiguration" : {
        "configurationId" : "1",
        "configurationName" : "Test Scheme Action"
      }
    }
  ],
  "environmentDescription" : "NearWire-Package · Built with macOS 26.5.1",
  "expectedFailures" : 0,
  "failedTests" : 0,
  "finishTime" : 1783725808.573,
  "passedTests" : 79,
  "result" : "Passed",
  "skippedTests" : 0,
  "startTime" : 1783725796.504,
  "statistics" : [

  ],
  "testFailures" : [

  ],
  "title" : "Test - NearWire-Package",
  "topInsights" : [
    {
      "category" : "Longest Test Runs",
      "impact" : "92% of duration",
      "text" : "1 longest test run with outlier durations exceeding 0.23s (three standard deviations)"
    },
    {
      "category" : "Longest Test Runs",
      "impact" : "56% of duration",
      "text" : "1 longest test run with outlier durations exceeding 0.06s (three standard deviations)"
    }
  ],
  "totalTestCount" : 79
}
Building for debugging...
[0/13] /tmp/nearwire-package-harness.D5z4uD/CoreHarnessBuild/arm64-apple-macosx/debug/NearWireCoreHarnessPackageTests.derived/runner.swift
[0/13] Write sources
[10/13] Write swift-version--58304C5D6DBC2206.txt
[12/23] Compiling NearWireCore EventModelError.swift
[13/24] Compiling NearWireCore EventValidationLimits.swift
[14/24] Compiling NearWireCore JSONValue.swift
[15/24] Compiling NearWireCore EventType.swift
[16/24] Compiling NearWireCore EventEnvelope.swift
[17/24] Compiling NearWireCore EventMetadata.swift
[18/24] Compiling NearWireCore EventDraft.swift
[19/24] Compiling NearWireCore PerformanceSnapshot.swift
[20/24] Emitting module NearWireCore
[21/24] Compiling NearWireCore EventContentCodec.swift
[22/24] Compiling NearWireCore NearWireCoreModule.swift
[23/40] Compiling NearWireFlowControl NearWireFlowControlModule.swift
[24/40] Compiling NearWireTransport NearWireTransportModule.swift
[25/40] Emitting module NearWireTransport
[26/42] Compiling NearWireFlowControl FlowControlError.swift
[27/42] Compiling NearWireFlowControl EventBatchScheduler.swift
[28/42] Compiling NearWireFlowControl EventQueueConfiguration.swift
[29/42] Compiling NearWireFlowControl EventRateControl.swift
[30/42] Compiling NearWireFlowControl BoundedEventQueue.swift
[31/42] Emitting module NearWireFlowControl
[32/50] Emitting module NearWireTestSupport
[33/50] Compiling NearWireTestSupport NearWireTestSupportModule.swift
[34/52] Emitting module NearWireTransportTests
[35/52] Compiling NearWireTransportTests ModuleSmokeTests.swift
[36/52] Compiling NearWireTestSupportTests ModuleSmokeTests.swift
[37/52] Emitting module NearWireTestSupportTests
[38/52] Compiling NearWireFlowControlTests ModuleSmokeTests.swift
[39/52] Compiling NearWireCoreTests PerformanceSnapshotTests.swift
[40/52] Compiling NearWireCoreTests EventMetadataTests.swift
[41/52] Compiling NearWireCoreTests ModuleSmokeTests.swift
[42/52] Compiling NearWireCoreTests EventEnvelopeTests.swift
[43/52] Compiling NearWireCoreTests EventTestSupport.swift
[44/52] Compiling NearWireCoreTests JSONValueTests.swift
[45/52] Emitting module NearWireCoreTests
[46/52] Compiling NearWireFlowControlTests FlowControlTestSupport.swift
[47/52] Compiling NearWireFlowControlTests EventRateControlTests.swift
[48/52] Compiling NearWireFlowControlTests EventBatchSchedulerTests.swift
[49/52] Emitting module NearWireFlowControlTests
[50/52] Compiling NearWireFlowControlTests BoundedEventQueueTests.swift
[51/54] Compiling NearWireCoreHarnessPackageTests runner.swift
[52/54] Emitting module NearWireCoreHarnessPackageTests
[52/54] Write Objects.LinkFileList
[53/54] Linking NearWireCoreHarnessPackageTests
Build complete! (9.83s)
Test Suite 'All tests' started at 2026-07-11 07:23:39.806.
Test Suite 'NearWireCoreHarnessPackageTests.xctest' started at 2026-07-11 07:23:39.807.
Test Suite 'BoundedEventQueueTests' started at 2026-07-11 07:23:39.807.
Test Case '-[NearWireFlowControlTests.BoundedEventQueueTests testAlreadyExpiredIncomingEventIsReportedWithoutBufferingOrOverflow]' started.
Test Case '-[NearWireFlowControlTests.BoundedEventQueueTests testAlreadyExpiredIncomingEventIsReportedWithoutBufferingOrOverflow]' passed (0.001 seconds).
Test Case '-[NearWireFlowControlTests.BoundedEventQueueTests testBackwardClockFailureIsAtomic]' started.
Test Case '-[NearWireFlowControlTests.BoundedEventQueueTests testBackwardClockFailureIsAtomic]' passed (0.000 seconds).
Test Case '-[NearWireFlowControlTests.BoundedEventQueueTests testByteBoundStopsWithoutRemovingNextFairEvent]' started.
Test Case '-[NearWireFlowControlTests.BoundedEventQueueTests testByteBoundStopsWithoutRemovingNextFairEvent]' passed (0.000 seconds).
Test Case '-[NearWireFlowControlTests.BoundedEventQueueTests testByteOverflowCanRequireMultipleEvictions]' started.
Test Case '-[NearWireFlowControlTests.BoundedEventQueueTests testByteOverflowCanRequireMultipleEvictions]' passed (0.000 seconds).
Test Case '-[NearWireFlowControlTests.BoundedEventQueueTests testCriticalPriorityCodableRoundTrip]' started.
Test Case '-[NearWireFlowControlTests.BoundedEventQueueTests testCriticalPriorityCodableRoundTrip]' passed (0.000 seconds).
Test Case '-[NearWireFlowControlTests.BoundedEventQueueTests testDeadlineOverflowFailsBeforeMutation]' started.
Test Case '-[NearWireFlowControlTests.BoundedEventQueueTests testDeadlineOverflowFailsBeforeMutation]' passed (0.000 seconds).
Test Case '-[NearWireFlowControlTests.BoundedEventQueueTests testDefaultAndInvalidConfiguration]' started.
Test Case '-[NearWireFlowControlTests.BoundedEventQueueTests testDefaultAndInvalidConfiguration]' passed (0.000 seconds).
Test Case '-[NearWireFlowControlTests.BoundedEventQueueTests testDuplicatePendingIDCannotEnterThroughKeepLatestReplacement]' started.
Test Case '-[NearWireFlowControlTests.BoundedEventQueueTests testDuplicatePendingIDCannotEnterThroughKeepLatestReplacement]' passed (0.000 seconds).
Test Case '-[NearWireFlowControlTests.BoundedEventQueueTests testDuplicatePendingIDIsRejectedAtomically]' started.
Test Case '-[NearWireFlowControlTests.BoundedEventQueueTests testDuplicatePendingIDIsRejectedAtomically]' passed (0.000 seconds).
Test Case '-[NearWireFlowControlTests.BoundedEventQueueTests testEmptyQueueStillRejectsClockReversal]' started.
Test Case '-[NearWireFlowControlTests.BoundedEventQueueTests testEmptyQueueStillRejectsClockReversal]' passed (0.000 seconds).
Test Case '-[NearWireFlowControlTests.BoundedEventQueueTests testExpirationAndReplacementTTLUseQueueClock]' started.
Test Case '-[NearWireFlowControlTests.BoundedEventQueueTests testExpirationAndReplacementTTLUseQueueClock]' passed (0.000 seconds).
Test Case '-[NearWireFlowControlTests.BoundedEventQueueTests testExpiredKeepLatestAdmissionDoesNotReplaceLiveStateOrEvictUrgentWork]' started.
Test Case '-[NearWireFlowControlTests.BoundedEventQueueTests testExpiredKeepLatestAdmissionDoesNotReplaceLiveStateOrEvictUrgentWork]' passed (0.000 seconds).
Test Case '-[NearWireFlowControlTests.BoundedEventQueueTests testGrowingReplacementCoalescesBeforeOverflow]' started.
Test Case '-[NearWireFlowControlTests.BoundedEventQueueTests testGrowingReplacementCoalescesBeforeOverflow]' passed (0.000 seconds).
Test Case '-[NearWireFlowControlTests.BoundedEventQueueTests testHardBoundFillAndSingleEventDrainRemainFIFO]' started.
Test Case '-[NearWireFlowControlTests.BoundedEventQueueTests testHardBoundFillAndSingleEventDrainRemainFIFO]' passed (0.130 seconds).
Test Case '-[NearWireFlowControlTests.BoundedEventQueueTests testIncomingLowPriorityCanBeDroppedToProtectCriticalWork]' started.
Test Case '-[NearWireFlowControlTests.BoundedEventQueueTests testIncomingLowPriorityCanBeDroppedToProtectCriticalWork]' passed (0.000 seconds).
Test Case '-[NearWireFlowControlTests.BoundedEventQueueTests testKeepLatestPromotionAndDemotionPreserveOrdinalWithinNewLane]' started.
Test Case '-[NearWireFlowControlTests.BoundedEventQueueTests testKeepLatestPromotionAndDemotionPreserveOrdinalWithinNewLane]' passed (0.000 seconds).
Test Case '-[NearWireFlowControlTests.BoundedEventQueueTests testKeepLatestReplacesMetadataAndRetainsLogicalOrdinal]' started.
Test Case '-[NearWireFlowControlTests.BoundedEventQueueTests testKeepLatestReplacesMetadataAndRetainsLogicalOrdinal]' passed (0.000 seconds).
Test Case '-[NearWireFlowControlTests.BoundedEventQueueTests testNormalEventsRemainDistinctAndCountOverflowEvictsOldestLowPriority]' started.
Test Case '-[NearWireFlowControlTests.BoundedEventQueueTests testNormalEventsRemainDistinctAndCountOverflowEvictsOldestLowPriority]' passed (0.000 seconds).
Test Case '-[NearWireFlowControlTests.BoundedEventQueueTests testRepeatedKeepLatestReplacementCompactsStaleHeapNodes]' started.
Test Case '-[NearWireFlowControlTests.BoundedEventQueueTests testRepeatedKeepLatestReplacementCompactsStaleHeapNodes]' passed (0.001 seconds).
Test Case '-[NearWireFlowControlTests.BoundedEventQueueTests testSnapshotAndClearAreExact]' started.
Test Case '-[NearWireFlowControlTests.BoundedEventQueueTests testSnapshotAndClearAreExact]' passed (0.000 seconds).
Test Case '-[NearWireFlowControlTests.BoundedEventQueueTests testWeightedCycleAndFIFOWithinPriority]' started.
Test Case '-[NearWireFlowControlTests.BoundedEventQueueTests testWeightedCycleAndFIFOWithinPriority]' passed (0.000 seconds).
Test Case '-[NearWireFlowControlTests.BoundedEventQueueTests testWeightedFairnessPersistsAcrossSingleEventDequeueCalls]' started.
Test Case '-[NearWireFlowControlTests.BoundedEventQueueTests testWeightedFairnessPersistsAcrossSingleEventDequeueCalls]' passed (0.000 seconds).
Test Suite 'BoundedEventQueueTests' passed at 2026-07-11 07:23:39.944.
	 Executed 22 tests, with 0 failures (0 unexpected) in 0.135 (0.137) seconds
Test Suite 'EventBatchSchedulerTests' started at 2026-07-11 07:23:39.944.
Test Case '-[NearWireFlowControlTests.EventBatchSchedulerTests testByteBoundConsumesOnlySelectedTokenAndPreservesNextEvent]' started.
Test Case '-[NearWireFlowControlTests.EventBatchSchedulerTests testByteBoundConsumesOnlySelectedTokenAndPreservesNextEvent]' passed (0.000 seconds).
Test Case '-[NearWireFlowControlTests.EventBatchSchedulerTests testDueAttemptReportsExpiredIDsEvenWhenPaused]' started.
Test Case '-[NearWireFlowControlTests.EventBatchSchedulerTests testDueAttemptReportsExpiredIDsEvenWhenPaused]' passed (0.000 seconds).
Test Case '-[NearWireFlowControlTests.EventBatchSchedulerTests testEarlyAndExactlyDueFlush]' started.
Test Case '-[NearWireFlowControlTests.EventBatchSchedulerTests testEarlyAndExactlyDueFlush]' passed (0.000 seconds).
Test Case '-[NearWireFlowControlTests.EventBatchSchedulerTests testPausedAndEmptyDueAttemptsAdvanceWithoutCatchUp]' started.
Test Case '-[NearWireFlowControlTests.EventBatchSchedulerTests testPausedAndEmptyDueAttemptsAdvanceWithoutCatchUp]' passed (0.000 seconds).
Test Case '-[NearWireFlowControlTests.EventBatchSchedulerTests testRepeatedPausedFlushesAtHardBoundUseExpirationIndex]' started.
Test Case '-[NearWireFlowControlTests.EventBatchSchedulerTests testRepeatedPausedFlushesAtHardBoundUseExpirationIndex]' passed (0.036 seconds).
Test Case '-[NearWireFlowControlTests.EventBatchSchedulerTests testRepeatedSingleEventScheduledDrainsAtLargeDepth]' started.
Test Case '-[NearWireFlowControlTests.EventBatchSchedulerTests testRepeatedSingleEventScheduledDrainsAtLargeDepth]' passed (0.024 seconds).
Test Case '-[NearWireFlowControlTests.EventBatchSchedulerTests testRuntimeQueueCompatibilityAndBackwardClockFailAtomically]' started.
Test Case '-[NearWireFlowControlTests.EventBatchSchedulerTests testRuntimeQueueCompatibilityAndBackwardClockFailAtomically]' passed (0.000 seconds).
Test Case '-[NearWireFlowControlTests.EventBatchSchedulerTests testTokenAndBatchConfigurationBounds]' started.
Test Case '-[NearWireFlowControlTests.EventBatchSchedulerTests testTokenAndBatchConfigurationBounds]' passed (0.000 seconds).
Test Case '-[NearWireFlowControlTests.EventBatchSchedulerTests testTokenBackedDueAttemptReportsExpirationAlongsideLiveBatch]' started.
Test Case '-[NearWireFlowControlTests.EventBatchSchedulerTests testTokenBackedDueAttemptReportsExpirationAlongsideLiveBatch]' passed (0.000 seconds).
Test Suite 'EventBatchSchedulerTests' passed at 2026-07-11 07:23:40.005.
	 Executed 9 tests, with 0 failures (0 unexpected) in 0.061 (0.061) seconds
Test Suite 'EventEnvelopeTests' started at 2026-07-11 07:23:40.005.
Test Case '-[NearWireCoreTests.EventEnvelopeTests testAggregateDecodeAppliesOneCustomLimitSet]' started.
Test Case '-[NearWireCoreTests.EventEnvelopeTests testAggregateDecodeAppliesOneCustomLimitSet]' passed (0.001 seconds).
Test Case '-[NearWireCoreTests.EventEnvelopeTests testAggregateDecodeBoundsUnknownBytesAndTaggedDepthBeforeMaterialization]' started.
Test Case '-[NearWireCoreTests.EventEnvelopeTests testAggregateDecodeBoundsUnknownBytesAndTaggedDepthBeforeMaterialization]' passed (0.002 seconds).
Test Case '-[NearWireCoreTests.EventEnvelopeTests testDraftCodableRoundTripUsesCompactContentAndCustomLimits]' started.
Test Case '-[NearWireCoreTests.EventEnvelopeTests testDraftCodableRoundTripUsesCompactContentAndCustomLimits]' passed (0.000 seconds).
Test Case '-[NearWireCoreTests.EventEnvelopeTests testEnvelopeRejectsDirectionAndTimestampInvariants]' started.
Test Case '-[NearWireCoreTests.EventEnvelopeTests testEnvelopeRejectsDirectionAndTimestampInvariants]' passed (0.000 seconds).
Test Case '-[NearWireCoreTests.EventEnvelopeTests testEnvelopeRoundTripAndUnknownFieldCompatibility]' started.
Test Case '-[NearWireCoreTests.EventEnvelopeTests testEnvelopeRoundTripAndUnknownFieldCompatibility]' passed (0.000 seconds).
Test Case '-[NearWireCoreTests.EventEnvelopeTests testFactoryDeterministicallyEnrichesDraft]' started.
Test Case '-[NearWireCoreTests.EventEnvelopeTests testFactoryDeterministicallyEnrichesDraft]' passed (0.000 seconds).
Test Case '-[NearWireCoreTests.EventEnvelopeTests testMissingRequiredFieldFailsWithTypedEnvelopeError]' started.
Test Case '-[NearWireCoreTests.EventEnvelopeTests testMissingRequiredFieldFailsWithTypedEnvelopeError]' passed (0.001 seconds).
Test Case '-[NearWireCoreTests.EventEnvelopeTests testNearContentLimitCompactTaggedEnvelopeRoundTrips]' started.
Test Case '-[NearWireCoreTests.EventEnvelopeTests testNearContentLimitCompactTaggedEnvelopeRoundTrips]' passed (0.445 seconds).
Test Suite 'EventEnvelopeTests' passed at 2026-07-11 07:23:40.454.
	 Executed 8 tests, with 0 failures (0 unexpected) in 0.449 (0.449) seconds
Test Suite 'EventMetadataTests' started at 2026-07-11 07:23:40.454.
Test Case '-[NearWireCoreTests.EventMetadataTests testCanonicalUUIDIdentifiers]' started.
Test Case '-[NearWireCoreTests.EventMetadataTests testCanonicalUUIDIdentifiers]' passed (0.000 seconds).
Test Case '-[NearWireCoreTests.EventMetadataTests testEndpointIdentifiersAndDirectionRoles]' started.
Test Case '-[NearWireCoreTests.EventMetadataTests testEndpointIdentifiersAndDirectionRoles]' passed (0.000 seconds).
Test Case '-[NearWireCoreTests.EventMetadataTests testEventTypeNamespacesAndGrammar]' started.
Test Case '-[NearWireCoreTests.EventMetadataTests testEventTypeNamespacesAndGrammar]' passed (0.000 seconds).
Test Case '-[NearWireCoreTests.EventMetadataTests testSchemaSequenceAndCausalityRoundTrip]' started.
Test Case '-[NearWireCoreTests.EventMetadataTests testSchemaSequenceAndCausalityRoundTrip]' passed (0.000 seconds).
Test Case '-[NearWireCoreTests.EventMetadataTests testTTLDefaultsBoundsAndOverflowSafeExpiration]' started.
Test Case '-[NearWireCoreTests.EventMetadataTests testTTLDefaultsBoundsAndOverflowSafeExpiration]' passed (0.000 seconds).
Test Suite 'EventMetadataTests' passed at 2026-07-11 07:23:40.455.
	 Executed 5 tests, with 0 failures (0 unexpected) in 0.001 (0.001) seconds
Test Suite 'EventRateControlTests' started at 2026-07-11 07:23:40.455.
Test Case '-[NearWireFlowControlTests.EventRateControlTests testBackwardClockIsAtomic]' started.
Test Case '-[NearWireFlowControlTests.EventRateControlTests testBackwardClockIsAtomic]' passed (0.000 seconds).
Test Case '-[NearWireFlowControlTests.EventRateControlTests testBurstReconfigurationClampsWithoutManufacturingTokens]' started.
Test Case '-[NearWireFlowControlTests.EventRateControlTests testBurstReconfigurationClampsWithoutManufacturingTokens]' passed (0.000 seconds).
Test Case '-[NearWireFlowControlTests.EventRateControlTests testConsumptionCannotExceedWholeTokens]' started.
Test Case '-[NearWireFlowControlTests.EventRateControlTests testConsumptionCannotExceedWholeTokens]' passed (0.000 seconds).
Test Case '-[NearWireFlowControlTests.EventRateControlTests testInvalidBurstReconfigurationIsAtomic]' started.
Test Case '-[NearWireFlowControlTests.EventRateControlTests testInvalidBurstReconfigurationIsAtomic]' passed (0.000 seconds).
Test Case '-[NearWireFlowControlTests.EventRateControlTests testLargeElapsedTimeClampsToCapacity]' started.
Test Case '-[NearWireFlowControlTests.EventRateControlTests testLargeElapsedTimeClampsToCapacity]' passed (0.000 seconds).
Test Case '-[NearWireFlowControlTests.EventRateControlTests testMinimumPositiveRateHasRepresentableNextTokenDelay]' started.
Test Case '-[NearWireFlowControlTests.EventRateControlTests testMinimumPositiveRateHasRepresentableNextTokenDelay]' passed (0.000 seconds).
Test Case '-[NearWireFlowControlTests.EventRateControlTests testPauseResumeAndRateDecreaseDoNotCreateTokens]' started.
Test Case '-[NearWireFlowControlTests.EventRateControlTests testPauseResumeAndRateDecreaseDoNotCreateTokens]' passed (0.000 seconds).
Test Case '-[NearWireFlowControlTests.EventRateControlTests testRateValidationAndConservativeNegotiation]' started.
Test Case '-[NearWireFlowControlTests.EventRateControlTests testRateValidationAndConservativeNegotiation]' passed (0.000 seconds).
Test Case '-[NearWireFlowControlTests.EventRateControlTests testResumeAtSubOneRateDoesNotManufactureToken]' started.
Test Case '-[NearWireFlowControlTests.EventRateControlTests testResumeAtSubOneRateDoesNotManufactureToken]' passed (0.000 seconds).
Test Case '-[NearWireFlowControlTests.EventRateControlTests testSubOneRateCanAccumulateAndProduceWholeTokens]' started.
Test Case '-[NearWireFlowControlTests.EventRateControlTests testSubOneRateCanAccumulateAndProduceWholeTokens]' passed (0.000 seconds).
Test Case '-[NearWireFlowControlTests.EventRateControlTests testTokenBucketInitialBurstFractionalRefillAndDelay]' started.
Test Case '-[NearWireFlowControlTests.EventRateControlTests testTokenBucketInitialBurstFractionalRefillAndDelay]' passed (0.000 seconds).
Test Suite 'EventRateControlTests' passed at 2026-07-11 07:23:40.457.
	 Executed 11 tests, with 0 failures (0 unexpected) in 0.001 (0.001) seconds
Test Suite 'JSONValueTests' started at 2026-07-11 07:23:40.457.
Test Case '-[NearWireCoreTests.JSONValueTests testCodableBridgeUsesStableDateAndBase64]' started.
Test Case '-[NearWireCoreTests.JSONValueTests testCodableBridgeUsesStableDateAndBase64]' passed (0.002 seconds).
Test Case '-[NearWireCoreTests.JSONValueTests testContentCodecPropagatesCustomLimitsToNestedModels]' started.
Test Case '-[NearWireCoreTests.JSONValueTests testContentCodecPropagatesCustomLimitsToNestedModels]' passed (0.000 seconds).
Test Case '-[NearWireCoreTests.JSONValueTests testDecodeFailureDoesNotMutateOriginalContent]' started.
Test Case '-[NearWireCoreTests.JSONValueTests testDecodeFailureDoesNotMutateOriginalContent]' passed (0.000 seconds).
Test Case '-[NearWireCoreTests.JSONValueTests testEveryJSONCaseRoundTripsDeterministically]' started.
Test Case '-[NearWireCoreTests.JSONValueTests testEveryJSONCaseRoundTripsDeterministically]' passed (0.000 seconds).
Test Case '-[NearWireCoreTests.JSONValueTests testIntegerAndFloatingPointIntentRemainDistinct]' started.
Test Case '-[NearWireCoreTests.JSONValueTests testIntegerAndFloatingPointIntentRemainDistinct]' passed (0.000 seconds).
Test Case '-[NearWireCoreTests.JSONValueTests testInvalidNumbersFailWithoutProducingAValue]' started.
Test Case '-[NearWireCoreTests.JSONValueTests testInvalidNumbersFailWithoutProducingAValue]' passed (0.000 seconds).
Test Case '-[NearWireCoreTests.JSONValueTests testInvalidValidationConfigurationsFail]' started.
Test Case '-[NearWireCoreTests.JSONValueTests testInvalidValidationConfigurationsFail]' passed (0.000 seconds).
Test Case '-[NearWireCoreTests.JSONValueTests testNonJSONCodableValueIsRejected]' started.
Test Case '-[NearWireCoreTests.JSONValueTests testNonJSONCodableValueIsRejected]' passed (0.000 seconds).
Test Case '-[NearWireCoreTests.JSONValueTests testStructuralLimitsReportStablePaths]' started.
Test Case '-[NearWireCoreTests.JSONValueTests testStructuralLimitsReportStablePaths]' passed (0.000 seconds).
Test Case '-[NearWireCoreTests.JSONValueTests testTaggedCodableRoundTripPreservesNumericCases]' started.
Test Case '-[NearWireCoreTests.JSONValueTests testTaggedCodableRoundTripPreservesNumericCases]' passed (0.000 seconds).
Test Suite 'JSONValueTests' passed at 2026-07-11 07:23:40.460.
	 Executed 10 tests, with 0 failures (0 unexpected) in 0.003 (0.003) seconds
Test Suite 'NearWireCoreModuleSmokeTests' started at 2026-07-11 07:23:40.460.
Test Case '-[NearWireCoreTests.NearWireCoreModuleSmokeTests testModuleIsAvailable]' started.
Test Case '-[NearWireCoreTests.NearWireCoreModuleSmokeTests testModuleIsAvailable]' passed (0.000 seconds).
Test Suite 'NearWireCoreModuleSmokeTests' passed at 2026-07-11 07:23:40.460.
	 Executed 1 test, with 0 failures (0 unexpected) in 0.000 (0.000) seconds
Test Suite 'NearWireFlowControlModuleSmokeTests' started at 2026-07-11 07:23:40.460.
Test Case '-[NearWireFlowControlTests.NearWireFlowControlModuleSmokeTests testModuleIsAvailable]' started.
Test Case '-[NearWireFlowControlTests.NearWireFlowControlModuleSmokeTests testModuleIsAvailable]' passed (0.000 seconds).
Test Suite 'NearWireFlowControlModuleSmokeTests' passed at 2026-07-11 07:23:40.460.
	 Executed 1 test, with 0 failures (0 unexpected) in 0.000 (0.000) seconds
Test Suite 'NearWireTestSupportModuleSmokeTests' started at 2026-07-11 07:23:40.460.
Test Case '-[NearWireTestSupportTests.NearWireTestSupportModuleSmokeTests testModuleIsAvailable]' started.
Test Case '-[NearWireTestSupportTests.NearWireTestSupportModuleSmokeTests testModuleIsAvailable]' passed (0.000 seconds).
Test Suite 'NearWireTestSupportModuleSmokeTests' passed at 2026-07-11 07:23:40.460.
	 Executed 1 test, with 0 failures (0 unexpected) in 0.000 (0.000) seconds
Test Suite 'NearWireTransportModuleSmokeTests' started at 2026-07-11 07:23:40.460.
Test Case '-[NearWireTransportTests.NearWireTransportModuleSmokeTests testModuleIsAvailable]' started.
Test Case '-[NearWireTransportTests.NearWireTransportModuleSmokeTests testModuleIsAvailable]' passed (0.000 seconds).
Test Suite 'NearWireTransportModuleSmokeTests' passed at 2026-07-11 07:23:40.460.
	 Executed 1 test, with 0 failures (0 unexpected) in 0.000 (0.000) seconds
Test Suite 'PerformanceSnapshotTests' started at 2026-07-11 07:23:40.460.
Test Case '-[NearWireCoreTests.PerformanceSnapshotTests testCompleteSnapshotRoundTripsThroughContentCodec]' started.
Test Case '-[NearWireCoreTests.PerformanceSnapshotTests testCompleteSnapshotRoundTripsThroughContentCodec]' passed (0.001 seconds).
Test Case '-[NearWireCoreTests.PerformanceSnapshotTests testEveryRequiredSnapshotHeaderMustBePresent]' started.
Test Case '-[NearWireCoreTests.PerformanceSnapshotTests testEveryRequiredSnapshotHeaderMustBePresent]' passed (0.001 seconds).
Test Case '-[NearWireCoreTests.PerformanceSnapshotTests testFutureFieldsAndEnumValuesAreAccepted]' started.
Test Case '-[NearWireCoreTests.PerformanceSnapshotTests testFutureFieldsAndEnumValuesAreAccepted]' passed (0.000 seconds).
Test Case '-[NearWireCoreTests.PerformanceSnapshotTests testInvalidSnapshotHeadersAndMetricsReportPaths]' started.
Test Case '-[NearWireCoreTests.PerformanceSnapshotTests testInvalidSnapshotHeadersAndMetricsReportPaths]' passed (0.000 seconds).
Test Case '-[NearWireCoreTests.PerformanceSnapshotTests testMetricBoundariesAndRealZeroArePreserved]' started.
Test Case '-[NearWireCoreTests.PerformanceSnapshotTests testMetricBoundariesAndRealZeroArePreserved]' passed (0.000 seconds).
Test Case '-[NearWireCoreTests.PerformanceSnapshotTests testMissingAndUnavailableMetricsRemainDistinct]' started.
Test Case '-[NearWireCoreTests.PerformanceSnapshotTests testMissingAndUnavailableMetricsRemainDistinct]' passed (0.000 seconds).
Test Case '-[NearWireCoreTests.PerformanceSnapshotTests testSchemaConstructionHasNoObservableSideEffects]' started.
Test Case '-[NearWireCoreTests.PerformanceSnapshotTests testSchemaConstructionHasNoObservableSideEffects]' passed (0.000 seconds).
Test Suite 'PerformanceSnapshotTests' passed at 2026-07-11 07:23:40.464.
	 Executed 7 tests, with 0 failures (0 unexpected) in 0.003 (0.003) seconds
Test Suite 'NearWireCoreHarnessPackageTests.xctest' passed at 2026-07-11 07:23:40.464.
	 Executed 76 tests, with 0 failures (0 unexpected) in 0.653 (0.657) seconds
Test Suite 'All tests' passed at 2026-07-11 07:23:40.464.
	 Executed 76 tests, with 0 failures (0 unexpected) in 0.653 (0.658) seconds
◇ Test run started.
↳ Testing Library Version: 1902
↳ Target Platform: arm64e-apple-macos14.0
✔ Test run with 0 tests in 0 suites passed after 0.001 seconds.
Swift Package verification passed.

EXIT_STATUS: 0
FINISHED_AT_UTC: 2026-07-10T23:23:41Z
