COMMAND:
 ./Scripts/verify-package.sh
RUN_ID: 20260711T012245Z-60850
GATE_ID: swift-package
STARTED_AT_UTC: 2026-07-11T01:22:54Z

Core package fixture parity passed.
Building for debugging...
[0/2] Write sources
[1/2] Write swift-version--58304C5D6DBC2206.txt
[3/5] Compiling NearWireTransport SecureByteChannel.swift
[4/5] Emitting module NearWireTransport
[5/5] Compiling NearWireTransport NWConnectionDriver.swift
[6/6] Compiling NearWireTransport SecureNetworkParameters.swift
[7/8] Emitting module NearWireTestSupport
[8/8] Emitting module NearWire
Build complete! (0.76s)
Building for debugging...
[0/1] Write swift-version--58304C5D6DBC2206.txt
Build of target: 'NearWireCore' complete! (0.12s)
Building for debugging...
[0/2] Write sources
[1/2] Write swift-version--58304C5D6DBC2206.txt
[3/5] Emitting module NearWireTransport
[4/5] Compiling NearWireTransport SecureByteChannel.swift
[5/5] Compiling NearWireTransport NWConnectionDriver.swift
[6/6] Compiling NearWireTransport SecureNetworkParameters.swift
Build of target: 'NearWireTransport' complete! (0.61s)
Building for debugging...
[0/1] Write swift-version--58304C5D6DBC2206.txt
Build of target: 'NearWireFlowControl' complete! (0.12s)
Building for debugging...
[0/1] Write swift-version--58304C5D6DBC2206.txt
[2/2] Emitting module NearWireTestSupport
Build of target: 'NearWireTestSupport' complete! (0.23s)
Wire payload public API sealing passed.
Mandatory TLS public API boundary passed.
Raw connection wrapping boundary passed.
CocoaPods same-module raw connection boundary passed.
Transport identity lifecycle boundary passed.
2026-07-11 09:23:04.850 xcodebuild[62756:23163795] [MT] IDERunDestination: Supported platforms for the buildables in the current scheme is empty.
Writing result bundle at path:
	/tmp/nearwire-package-harness.nhwQSA/NearWire-iOS.xcresult

2026-07-11 09:23:18.256 xcodebuild[62756:23163795] [MT] IDETestOperationsObserverDebug: 6.030 elapsed -- Testing started completed.
2026-07-11 09:23:18.256 xcodebuild[62756:23163795] [MT] IDETestOperationsObserverDebug: 0.000 sec, +0.000 sec -- start
2026-07-11 09:23:18.256 xcodebuild[62756:23163795] [MT] IDETestOperationsObserverDebug: 6.030 sec, +6.030 sec -- end
Testing started
{
  "devicesAndConfigurations" : [
    {
      "device" : {
        "architecture" : "arm64",
        "deviceId" : "28489DFE-9F3F-4746-98C6-F956F47FEC0C",
        "deviceName" : "iPhone 17 Pro",
        "modelName" : "iPhone 17 Pro",
        "osBuildNumber" : "23E244",
        "osVersion" : "26.4",
        "platform" : "iOS Simulator"
      },
      "expectedFailures" : 0,
      "failedTests" : 0,
      "passedTests" : 152,
      "skippedTests" : 0,
      "testPlanConfiguration" : {
        "configurationId" : "1",
        "configurationName" : "Test Scheme Action"
      }
    }
  ],
  "environmentDescription" : "NearWire-Package · Built with macOS 26.5.1",
  "expectedFailures" : 0,
  "failedTests" : 0,
  "finishTime" : 1783732998.265,
  "passedTests" : 152,
  "result" : "Passed",
  "skippedTests" : 0,
  "startTime" : 1783732984.925,
  "statistics" : [

  ],
  "testFailures" : [

  ],
  "title" : "Test - NearWire-Package",
  "topInsights" : [
    {
      "category" : "Longest Test Runs",
      "impact" : "91% of duration",
      "text" : "1 longest test run with outlier durations exceeding 0.23s (three standard deviations)"
    },
    {
      "category" : "Longest Test Runs",
      "impact" : "59% of duration",
      "text" : "1 longest test run with outlier durations exceeding 0.06s (three standard deviations)"
    }
  ],
  "totalTestCount" : 152
}
Building for debugging...
[0/13] Write sources
[2/13] /tmp/nearwire-package-harness.nhwQSA/CoreHarnessBuild/arm64-apple-macosx/debug/NearWireCoreHarnessPackageTests.derived/runner.swift
[3/13] Write sources
[10/13] Write swift-version--58304C5D6DBC2206.txt
[12/23] Compiling NearWireCore JSONValue.swift
[13/23] Compiling NearWireCore EventValidationLimits.swift
[14/24] Compiling NearWireCore EventModelError.swift
[15/24] Compiling NearWireCore EventEnvelope.swift
[16/24] Compiling NearWireCore EventMetadata.swift
[17/24] Compiling NearWireCore EventType.swift
[18/24] Compiling NearWireCore EventDraft.swift
[19/24] Emitting module NearWireCore
[20/24] Compiling NearWireCore EventContentCodec.swift
[21/24] Compiling NearWireCore PerformanceSnapshot.swift
[22/24] Compiling NearWireCore NearWireCoreModule.swift
[23/52] Compiling NearWireFlowControl NearWireFlowControlModule.swift
[24/52] Compiling NearWireFlowControl FlowControlError.swift
[25/52] Compiling NearWireFlowControl EventBatchScheduler.swift
[26/52] Compiling NearWireFlowControl EventRateControl.swift
[27/52] Compiling NearWireTransport WireProtocolError.swift
[28/53] Compiling NearWireTransport WireNegotiation.swift
[29/53] Compiling NearWireTransport WireJSON.swift
[30/53] Compiling NearWireTransport WireMessage.swift
[31/53] Emitting module NearWireTransport
[32/53] Compiling NearWireTransport WireSequence.swift
[33/53] Compiling NearWireFlowControl EventQueueConfiguration.swift
[34/53] Emitting module NearWireFlowControl
[35/53] Compiling NearWireFlowControl BoundedEventQueue.swift
[36/53] Compiling NearWireTransport WirePrimitives.swift
[37/53] Compiling NearWireTransport NWConnectionDriver.swift
[38/53] Compiling NearWireTransport NearWireTransportModule.swift
[39/59] Compiling NearWireTransport SecureByteChannel.swift
[40/59] Compiling NearWireTransport SecureNetworkParameters.swift
[41/59] Compiling NearWireTransport WireEventPayloads.swift
[42/59] Compiling NearWireTransport WireFrame.swift
[43/59] Compiling NearWireTransport SecureTransportPrimitives.swift
[44/59] Compiling NearWireTransport WireControlPayloads.swift
[45/71] Compiling NearWireTestSupport NearWireTestSupportModule.swift
[46/71] Emitting module NearWireTestSupport
[47/73] Emitting module NearWireTestSupportTests
[48/73] Compiling NearWireTestSupportTests ModuleSmokeTests.swift
[49/73] Compiling NearWireCoreTests EventEnvelopeTests.swift
[50/73] Compiling NearWireCoreTests EventMetadataTests.swift
[51/73] Emitting module NearWireCoreTests
[52/73] Compiling NearWireCoreTests PerformanceSnapshotTests.swift
[53/73] Compiling NearWireCoreTests JSONValueTests.swift
[54/73] Compiling NearWireCoreTests EventTestSupport.swift
[55/73] Compiling NearWireCoreTests ModuleSmokeTests.swift
[56/73] Emitting module NearWireTransportTests
[57/73] Compiling NearWireTransportTests WireEventTests.swift
[58/73] Compiling NearWireTransportTests WireGoldenFixtureTests.swift
[59/73] Compiling NearWireTransportTests WireFrameTests.swift
[60/73] Compiling NearWireTransportTests WireMessageTests.swift
[61/73] Compiling NearWireTransportTests WireNegotiationTests.swift
[62/73] Compiling NearWireFlowControlTests ModuleSmokeTests.swift
[63/73] Compiling NearWireFlowControlTests EventBatchSchedulerTests.swift
[64/73] Compiling NearWireFlowControlTests EventRateControlTests.swift
[65/73] Compiling NearWireFlowControlTests FlowControlTestSupport.swift
[66/73] Compiling NearWireFlowControlTests BoundedEventQueueTests.swift
[67/73] Emitting module NearWireFlowControlTests
[68/73] Compiling NearWireTransportTests SecureTransportTests.swift
[69/73] Compiling NearWireTransportTests SecureByteChannelTests.swift
[70/73] Compiling NearWireTransportTests ModuleSmokeTests.swift
[71/73] Compiling NearWireTransportTests WireTestSupport.swift
[72/75] Emitting module NearWireCoreHarnessPackageTests
[73/75] Compiling NearWireCoreHarnessPackageTests runner.swift
[73/75] Write Objects.LinkFileList
[74/75] Linking NearWireCoreHarnessPackageTests
Build complete! (11.45s)
Test Suite 'All tests' started at 2026-07-11 09:23:31.326.
Test Suite 'NearWireCoreHarnessPackageTests.xctest' started at 2026-07-11 09:23:31.327.
Test Suite 'BoundedEventQueueTests' started at 2026-07-11 09:23:31.327.
Test Case '-[NearWireFlowControlTests.BoundedEventQueueTests testAlreadyExpiredIncomingEventIsReportedWithoutBufferingOrOverflow]' started.
Test Case '-[NearWireFlowControlTests.BoundedEventQueueTests testAlreadyExpiredIncomingEventIsReportedWithoutBufferingOrOverflow]' passed (0.001 seconds).
Test Case '-[NearWireFlowControlTests.BoundedEventQueueTests testBackwardClockFailureIsAtomic]' started.
Test Case '-[NearWireFlowControlTests.BoundedEventQueueTests testBackwardClockFailureIsAtomic]' passed (0.000 seconds).
Test Case '-[NearWireFlowControlTests.BoundedEventQueueTests testByteBoundStopsWithoutRemovingNextFairEvent]' started.
Test Case '-[NearWireFlowControlTests.BoundedEventQueueTests testByteBoundStopsWithoutRemovingNextFairEvent]' passed (0.000 seconds).
Test Case '-[NearWireFlowControlTests.BoundedEventQueueTests testByteOverflowCanRequireMultipleEvictions]' started.
Test Case '-[NearWireFlowControlTests.BoundedEventQueueTests testByteOverflowCanRequireMultipleEvictions]' passed (0.000 seconds).
Test Case '-[NearWireFlowControlTests.BoundedEventQueueTests testCriticalPriorityCodableRoundTrip]' started.
Test Case '-[NearWireFlowControlTests.BoundedEventQueueTests testCriticalPriorityCodableRoundTrip]' passed (0.000 seconds).
Test Case '-[NearWireFlowControlTests.BoundedEventQueueTests testDeadlineOverflowFailsBeforeMutation]' started.
Test Case '-[NearWireFlowControlTests.BoundedEventQueueTests testDeadlineOverflowFailsBeforeMutation]' passed (0.000 seconds).
Test Case '-[NearWireFlowControlTests.BoundedEventQueueTests testDefaultAndInvalidConfiguration]' started.
Test Case '-[NearWireFlowControlTests.BoundedEventQueueTests testDefaultAndInvalidConfiguration]' passed (0.000 seconds).
Test Case '-[NearWireFlowControlTests.BoundedEventQueueTests testDuplicatePendingIDCannotEnterThroughKeepLatestReplacement]' started.
Test Case '-[NearWireFlowControlTests.BoundedEventQueueTests testDuplicatePendingIDCannotEnterThroughKeepLatestReplacement]' passed (0.000 seconds).
Test Case '-[NearWireFlowControlTests.BoundedEventQueueTests testDuplicatePendingIDIsRejectedAtomically]' started.
Test Case '-[NearWireFlowControlTests.BoundedEventQueueTests testDuplicatePendingIDIsRejectedAtomically]' passed (0.000 seconds).
Test Case '-[NearWireFlowControlTests.BoundedEventQueueTests testEmptyQueueStillRejectsClockReversal]' started.
Test Case '-[NearWireFlowControlTests.BoundedEventQueueTests testEmptyQueueStillRejectsClockReversal]' passed (0.000 seconds).
Test Case '-[NearWireFlowControlTests.BoundedEventQueueTests testExpirationAndReplacementTTLUseQueueClock]' started.
Test Case '-[NearWireFlowControlTests.BoundedEventQueueTests testExpirationAndReplacementTTLUseQueueClock]' passed (0.000 seconds).
Test Case '-[NearWireFlowControlTests.BoundedEventQueueTests testExpiredKeepLatestAdmissionDoesNotReplaceLiveStateOrEvictUrgentWork]' started.
Test Case '-[NearWireFlowControlTests.BoundedEventQueueTests testExpiredKeepLatestAdmissionDoesNotReplaceLiveStateOrEvictUrgentWork]' passed (0.000 seconds).
Test Case '-[NearWireFlowControlTests.BoundedEventQueueTests testGrowingReplacementCoalescesBeforeOverflow]' started.
Test Case '-[NearWireFlowControlTests.BoundedEventQueueTests testGrowingReplacementCoalescesBeforeOverflow]' passed (0.000 seconds).
Test Case '-[NearWireFlowControlTests.BoundedEventQueueTests testHardBoundFillAndSingleEventDrainRemainFIFO]' started.
Test Case '-[NearWireFlowControlTests.BoundedEventQueueTests testHardBoundFillAndSingleEventDrainRemainFIFO]' passed (0.130 seconds).
Test Case '-[NearWireFlowControlTests.BoundedEventQueueTests testIncomingLowPriorityCanBeDroppedToProtectCriticalWork]' started.
Test Case '-[NearWireFlowControlTests.BoundedEventQueueTests testIncomingLowPriorityCanBeDroppedToProtectCriticalWork]' passed (0.000 seconds).
Test Case '-[NearWireFlowControlTests.BoundedEventQueueTests testKeepLatestPromotionAndDemotionPreserveOrdinalWithinNewLane]' started.
Test Case '-[NearWireFlowControlTests.BoundedEventQueueTests testKeepLatestPromotionAndDemotionPreserveOrdinalWithinNewLane]' passed (0.000 seconds).
Test Case '-[NearWireFlowControlTests.BoundedEventQueueTests testKeepLatestReplacesMetadataAndRetainsLogicalOrdinal]' started.
Test Case '-[NearWireFlowControlTests.BoundedEventQueueTests testKeepLatestReplacesMetadataAndRetainsLogicalOrdinal]' passed (0.000 seconds).
Test Case '-[NearWireFlowControlTests.BoundedEventQueueTests testNormalEventsRemainDistinctAndCountOverflowEvictsOldestLowPriority]' started.
Test Case '-[NearWireFlowControlTests.BoundedEventQueueTests testNormalEventsRemainDistinctAndCountOverflowEvictsOldestLowPriority]' passed (0.000 seconds).
Test Case '-[NearWireFlowControlTests.BoundedEventQueueTests testRepeatedKeepLatestReplacementCompactsStaleHeapNodes]' started.
Test Case '-[NearWireFlowControlTests.BoundedEventQueueTests testRepeatedKeepLatestReplacementCompactsStaleHeapNodes]' passed (0.001 seconds).
Test Case '-[NearWireFlowControlTests.BoundedEventQueueTests testSnapshotAndClearAreExact]' started.
Test Case '-[NearWireFlowControlTests.BoundedEventQueueTests testSnapshotAndClearAreExact]' passed (0.000 seconds).
Test Case '-[NearWireFlowControlTests.BoundedEventQueueTests testWeightedCycleAndFIFOWithinPriority]' started.
Test Case '-[NearWireFlowControlTests.BoundedEventQueueTests testWeightedCycleAndFIFOWithinPriority]' passed (0.000 seconds).
Test Case '-[NearWireFlowControlTests.BoundedEventQueueTests testWeightedFairnessPersistsAcrossSingleEventDequeueCalls]' started.
Test Case '-[NearWireFlowControlTests.BoundedEventQueueTests testWeightedFairnessPersistsAcrossSingleEventDequeueCalls]' passed (0.000 seconds).
Test Suite 'BoundedEventQueueTests' passed at 2026-07-11 09:23:31.464.
	 Executed 22 tests, with 0 failures (0 unexpected) in 0.135 (0.136) seconds
Test Suite 'EventBatchSchedulerTests' started at 2026-07-11 09:23:31.464.
Test Case '-[NearWireFlowControlTests.EventBatchSchedulerTests testByteBoundConsumesOnlySelectedTokenAndPreservesNextEvent]' started.
Test Case '-[NearWireFlowControlTests.EventBatchSchedulerTests testByteBoundConsumesOnlySelectedTokenAndPreservesNextEvent]' passed (0.000 seconds).
Test Case '-[NearWireFlowControlTests.EventBatchSchedulerTests testDueAttemptReportsExpiredIDsEvenWhenPaused]' started.
Test Case '-[NearWireFlowControlTests.EventBatchSchedulerTests testDueAttemptReportsExpiredIDsEvenWhenPaused]' passed (0.000 seconds).
Test Case '-[NearWireFlowControlTests.EventBatchSchedulerTests testEarlyAndExactlyDueFlush]' started.
Test Case '-[NearWireFlowControlTests.EventBatchSchedulerTests testEarlyAndExactlyDueFlush]' passed (0.000 seconds).
Test Case '-[NearWireFlowControlTests.EventBatchSchedulerTests testPausedAndEmptyDueAttemptsAdvanceWithoutCatchUp]' started.
Test Case '-[NearWireFlowControlTests.EventBatchSchedulerTests testPausedAndEmptyDueAttemptsAdvanceWithoutCatchUp]' passed (0.000 seconds).
Test Case '-[NearWireFlowControlTests.EventBatchSchedulerTests testRepeatedPausedFlushesAtHardBoundUseExpirationIndex]' started.
Test Case '-[NearWireFlowControlTests.EventBatchSchedulerTests testRepeatedPausedFlushesAtHardBoundUseExpirationIndex]' passed (0.035 seconds).
Test Case '-[NearWireFlowControlTests.EventBatchSchedulerTests testRepeatedSingleEventScheduledDrainsAtLargeDepth]' started.
Test Case '-[NearWireFlowControlTests.EventBatchSchedulerTests testRepeatedSingleEventScheduledDrainsAtLargeDepth]' passed (0.023 seconds).
Test Case '-[NearWireFlowControlTests.EventBatchSchedulerTests testRuntimeQueueCompatibilityAndBackwardClockFailAtomically]' started.
Test Case '-[NearWireFlowControlTests.EventBatchSchedulerTests testRuntimeQueueCompatibilityAndBackwardClockFailAtomically]' passed (0.000 seconds).
Test Case '-[NearWireFlowControlTests.EventBatchSchedulerTests testTokenAndBatchConfigurationBounds]' started.
Test Case '-[NearWireFlowControlTests.EventBatchSchedulerTests testTokenAndBatchConfigurationBounds]' passed (0.000 seconds).
Test Case '-[NearWireFlowControlTests.EventBatchSchedulerTests testTokenBackedDueAttemptReportsExpirationAlongsideLiveBatch]' started.
Test Case '-[NearWireFlowControlTests.EventBatchSchedulerTests testTokenBackedDueAttemptReportsExpirationAlongsideLiveBatch]' passed (0.000 seconds).
Test Suite 'EventBatchSchedulerTests' passed at 2026-07-11 09:23:31.523.
	 Executed 9 tests, with 0 failures (0 unexpected) in 0.059 (0.059) seconds
Test Suite 'EventEnvelopeTests' started at 2026-07-11 09:23:31.523.
Test Case '-[NearWireCoreTests.EventEnvelopeTests testAggregateDecodeAppliesOneCustomLimitSet]' started.
Test Case '-[NearWireCoreTests.EventEnvelopeTests testAggregateDecodeAppliesOneCustomLimitSet]' passed (0.001 seconds).
Test Case '-[NearWireCoreTests.EventEnvelopeTests testAggregateDecodeBoundsUnknownBytesAndTaggedDepthBeforeMaterialization]' started.
Test Case '-[NearWireCoreTests.EventEnvelopeTests testAggregateDecodeBoundsUnknownBytesAndTaggedDepthBeforeMaterialization]' passed (0.002 seconds).
Test Case '-[NearWireCoreTests.EventEnvelopeTests testDraftCodableRoundTripUsesCompactContentAndCustomLimits]' started.
Test Case '-[NearWireCoreTests.EventEnvelopeTests testDraftCodableRoundTripUsesCompactContentAndCustomLimits]' passed (0.000 seconds).
Test Case '-[NearWireCoreTests.EventEnvelopeTests testEnvelopeRejectsDirectionAndTimestampInvariants]' started.
Test Case '-[NearWireCoreTests.EventEnvelopeTests testEnvelopeRejectsDirectionAndTimestampInvariants]' passed (0.000 seconds).
Test Case '-[NearWireCoreTests.EventEnvelopeTests testEnvelopeRoundTripAndUnknownFieldCompatibility]' started.
Test Case '-[NearWireCoreTests.EventEnvelopeTests testEnvelopeRoundTripAndUnknownFieldCompatibility]' passed (0.000 seconds).
Test Case '-[NearWireCoreTests.EventEnvelopeTests testFactoryDeterministicallyEnrichesDraft]' started.
Test Case '-[NearWireCoreTests.EventEnvelopeTests testFactoryDeterministicallyEnrichesDraft]' passed (0.000 seconds).
Test Case '-[NearWireCoreTests.EventEnvelopeTests testMissingRequiredFieldFailsWithTypedEnvelopeError]' started.
Test Case '-[NearWireCoreTests.EventEnvelopeTests testMissingRequiredFieldFailsWithTypedEnvelopeError]' passed (0.002 seconds).
Test Case '-[NearWireCoreTests.EventEnvelopeTests testNearContentLimitCompactTaggedEnvelopeRoundTrips]' started.
Test Case '-[NearWireCoreTests.EventEnvelopeTests testNearContentLimitCompactTaggedEnvelopeRoundTrips]' passed (0.434 seconds).
Test Suite 'EventEnvelopeTests' passed at 2026-07-11 09:23:31.962.
	 Executed 8 tests, with 0 failures (0 unexpected) in 0.439 (0.439) seconds
Test Suite 'EventMetadataTests' started at 2026-07-11 09:23:31.963.
Test Case '-[NearWireCoreTests.EventMetadataTests testCanonicalUUIDIdentifiers]' started.
Test Case '-[NearWireCoreTests.EventMetadataTests testCanonicalUUIDIdentifiers]' passed (0.000 seconds).
Test Case '-[NearWireCoreTests.EventMetadataTests testEndpointIdentifiersAndDirectionRoles]' started.
Test Case '-[NearWireCoreTests.EventMetadataTests testEndpointIdentifiersAndDirectionRoles]' passed (0.000 seconds).
Test Case '-[NearWireCoreTests.EventMetadataTests testEventTypeNamespacesAndGrammar]' started.
Test Case '-[NearWireCoreTests.EventMetadataTests testEventTypeNamespacesAndGrammar]' passed (0.000 seconds).
Test Case '-[NearWireCoreTests.EventMetadataTests testSchemaSequenceAndCausalityRoundTrip]' started.
Test Case '-[NearWireCoreTests.EventMetadataTests testSchemaSequenceAndCausalityRoundTrip]' passed (0.000 seconds).
Test Case '-[NearWireCoreTests.EventMetadataTests testTTLDefaultsBoundsAndOverflowSafeExpiration]' started.
Test Case '-[NearWireCoreTests.EventMetadataTests testTTLDefaultsBoundsAndOverflowSafeExpiration]' passed (0.000 seconds).
Test Suite 'EventMetadataTests' passed at 2026-07-11 09:23:31.963.
	 Executed 5 tests, with 0 failures (0 unexpected) in 0.001 (0.001) seconds
Test Suite 'EventRateControlTests' started at 2026-07-11 09:23:31.963.
Test Case '-[NearWireFlowControlTests.EventRateControlTests testBackwardClockIsAtomic]' started.
Test Case '-[NearWireFlowControlTests.EventRateControlTests testBackwardClockIsAtomic]' passed (0.000 seconds).
Test Case '-[NearWireFlowControlTests.EventRateControlTests testBurstReconfigurationClampsWithoutManufacturingTokens]' started.
Test Case '-[NearWireFlowControlTests.EventRateControlTests testBurstReconfigurationClampsWithoutManufacturingTokens]' passed (0.000 seconds).
Test Case '-[NearWireFlowControlTests.EventRateControlTests testConsumptionCannotExceedWholeTokens]' started.
Test Case '-[NearWireFlowControlTests.EventRateControlTests testConsumptionCannotExceedWholeTokens]' passed (0.000 seconds).
Test Case '-[NearWireFlowControlTests.EventRateControlTests testInvalidBurstReconfigurationIsAtomic]' started.
Test Case '-[NearWireFlowControlTests.EventRateControlTests testInvalidBurstReconfigurationIsAtomic]' passed (0.000 seconds).
Test Case '-[NearWireFlowControlTests.EventRateControlTests testLargeElapsedTimeClampsToCapacity]' started.
Test Case '-[NearWireFlowControlTests.EventRateControlTests testLargeElapsedTimeClampsToCapacity]' passed (0.000 seconds).
Test Case '-[NearWireFlowControlTests.EventRateControlTests testMinimumPositiveRateHasRepresentableNextTokenDelay]' started.
Test Case '-[NearWireFlowControlTests.EventRateControlTests testMinimumPositiveRateHasRepresentableNextTokenDelay]' passed (0.000 seconds).
Test Case '-[NearWireFlowControlTests.EventRateControlTests testPauseResumeAndRateDecreaseDoNotCreateTokens]' started.
Test Case '-[NearWireFlowControlTests.EventRateControlTests testPauseResumeAndRateDecreaseDoNotCreateTokens]' passed (0.000 seconds).
Test Case '-[NearWireFlowControlTests.EventRateControlTests testRateValidationAndConservativeNegotiation]' started.
Test Case '-[NearWireFlowControlTests.EventRateControlTests testRateValidationAndConservativeNegotiation]' passed (0.000 seconds).
Test Case '-[NearWireFlowControlTests.EventRateControlTests testResumeAtSubOneRateDoesNotManufactureToken]' started.
Test Case '-[NearWireFlowControlTests.EventRateControlTests testResumeAtSubOneRateDoesNotManufactureToken]' passed (0.000 seconds).
Test Case '-[NearWireFlowControlTests.EventRateControlTests testSubOneRateCanAccumulateAndProduceWholeTokens]' started.
Test Case '-[NearWireFlowControlTests.EventRateControlTests testSubOneRateCanAccumulateAndProduceWholeTokens]' passed (0.000 seconds).
Test Case '-[NearWireFlowControlTests.EventRateControlTests testTokenBucketInitialBurstFractionalRefillAndDelay]' started.
Test Case '-[NearWireFlowControlTests.EventRateControlTests testTokenBucketInitialBurstFractionalRefillAndDelay]' passed (0.000 seconds).
Test Suite 'EventRateControlTests' passed at 2026-07-11 09:23:31.965.
	 Executed 11 tests, with 0 failures (0 unexpected) in 0.001 (0.001) seconds
Test Suite 'JSONValueTests' started at 2026-07-11 09:23:31.965.
Test Case '-[NearWireCoreTests.JSONValueTests testCodableBridgeUsesStableDateAndBase64]' started.
Test Case '-[NearWireCoreTests.JSONValueTests testCodableBridgeUsesStableDateAndBase64]' passed (0.002 seconds).
Test Case '-[NearWireCoreTests.JSONValueTests testContentCodecPropagatesCustomLimitsToNestedModels]' started.
Test Case '-[NearWireCoreTests.JSONValueTests testContentCodecPropagatesCustomLimitsToNestedModels]' passed (0.000 seconds).
Test Case '-[NearWireCoreTests.JSONValueTests testDecodeFailureDoesNotMutateOriginalContent]' started.
Test Case '-[NearWireCoreTests.JSONValueTests testDecodeFailureDoesNotMutateOriginalContent]' passed (0.000 seconds).
Test Case '-[NearWireCoreTests.JSONValueTests testEveryJSONCaseRoundTripsDeterministically]' started.
Test Case '-[NearWireCoreTests.JSONValueTests testEveryJSONCaseRoundTripsDeterministically]' passed (0.000 seconds).
Test Case '-[NearWireCoreTests.JSONValueTests testIntegerAndFloatingPointIntentRemainDistinct]' started.
Test Case '-[NearWireCoreTests.JSONValueTests testIntegerAndFloatingPointIntentRemainDistinct]' passed (0.000 seconds).
Test Case '-[NearWireCoreTests.JSONValueTests testInvalidNumbersFailWithoutProducingAValue]' started.
Test Case '-[NearWireCoreTests.JSONValueTests testInvalidNumbersFailWithoutProducingAValue]' passed (0.000 seconds).
Test Case '-[NearWireCoreTests.JSONValueTests testInvalidValidationConfigurationsFail]' started.
Test Case '-[NearWireCoreTests.JSONValueTests testInvalidValidationConfigurationsFail]' passed (0.000 seconds).
Test Case '-[NearWireCoreTests.JSONValueTests testNonJSONCodableValueIsRejected]' started.
Test Case '-[NearWireCoreTests.JSONValueTests testNonJSONCodableValueIsRejected]' passed (0.000 seconds).
Test Case '-[NearWireCoreTests.JSONValueTests testStructuralLimitsReportStablePaths]' started.
Test Case '-[NearWireCoreTests.JSONValueTests testStructuralLimitsReportStablePaths]' passed (0.000 seconds).
Test Case '-[NearWireCoreTests.JSONValueTests testTaggedCodableRoundTripPreservesNumericCases]' started.
Test Case '-[NearWireCoreTests.JSONValueTests testTaggedCodableRoundTripPreservesNumericCases]' passed (0.000 seconds).
Test Suite 'JSONValueTests' passed at 2026-07-11 09:23:31.968.
	 Executed 10 tests, with 0 failures (0 unexpected) in 0.003 (0.003) seconds
Test Suite 'NearWireCoreModuleSmokeTests' started at 2026-07-11 09:23:31.968.
Test Case '-[NearWireCoreTests.NearWireCoreModuleSmokeTests testModuleIsAvailable]' started.
Test Case '-[NearWireCoreTests.NearWireCoreModuleSmokeTests testModuleIsAvailable]' passed (0.000 seconds).
Test Suite 'NearWireCoreModuleSmokeTests' passed at 2026-07-11 09:23:31.968.
	 Executed 1 test, with 0 failures (0 unexpected) in 0.000 (0.000) seconds
Test Suite 'NearWireFlowControlModuleSmokeTests' started at 2026-07-11 09:23:31.968.
Test Case '-[NearWireFlowControlTests.NearWireFlowControlModuleSmokeTests testModuleIsAvailable]' started.
Test Case '-[NearWireFlowControlTests.NearWireFlowControlModuleSmokeTests testModuleIsAvailable]' passed (0.000 seconds).
Test Suite 'NearWireFlowControlModuleSmokeTests' passed at 2026-07-11 09:23:31.968.
	 Executed 1 test, with 0 failures (0 unexpected) in 0.000 (0.000) seconds
Test Suite 'NearWireTestSupportModuleSmokeTests' started at 2026-07-11 09:23:31.968.
Test Case '-[NearWireTestSupportTests.NearWireTestSupportModuleSmokeTests testModuleIsAvailable]' started.
Test Case '-[NearWireTestSupportTests.NearWireTestSupportModuleSmokeTests testModuleIsAvailable]' passed (0.000 seconds).
Test Suite 'NearWireTestSupportModuleSmokeTests' passed at 2026-07-11 09:23:31.968.
	 Executed 1 test, with 0 failures (0 unexpected) in 0.000 (0.000) seconds
Test Suite 'NearWireTransportModuleSmokeTests' started at 2026-07-11 09:23:31.968.
Test Case '-[NearWireTransportTests.NearWireTransportModuleSmokeTests testModuleIsAvailable]' started.
Test Case '-[NearWireTransportTests.NearWireTransportModuleSmokeTests testModuleIsAvailable]' passed (0.000 seconds).
Test Suite 'NearWireTransportModuleSmokeTests' passed at 2026-07-11 09:23:31.968.
	 Executed 1 test, with 0 failures (0 unexpected) in 0.000 (0.000) seconds
Test Suite 'PerformanceSnapshotTests' started at 2026-07-11 09:23:31.968.
Test Case '-[NearWireCoreTests.PerformanceSnapshotTests testCompleteSnapshotRoundTripsThroughContentCodec]' started.
Test Case '-[NearWireCoreTests.PerformanceSnapshotTests testCompleteSnapshotRoundTripsThroughContentCodec]' passed (0.001 seconds).
Test Case '-[NearWireCoreTests.PerformanceSnapshotTests testEveryRequiredSnapshotHeaderMustBePresent]' started.
Test Case '-[NearWireCoreTests.PerformanceSnapshotTests testEveryRequiredSnapshotHeaderMustBePresent]' passed (0.000 seconds).
Test Case '-[NearWireCoreTests.PerformanceSnapshotTests testFutureFieldsAndEnumValuesAreAccepted]' started.
Test Case '-[NearWireCoreTests.PerformanceSnapshotTests testFutureFieldsAndEnumValuesAreAccepted]' passed (0.001 seconds).
Test Case '-[NearWireCoreTests.PerformanceSnapshotTests testInvalidSnapshotHeadersAndMetricsReportPaths]' started.
Test Case '-[NearWireCoreTests.PerformanceSnapshotTests testInvalidSnapshotHeadersAndMetricsReportPaths]' passed (0.000 seconds).
Test Case '-[NearWireCoreTests.PerformanceSnapshotTests testMetricBoundariesAndRealZeroArePreserved]' started.
Test Case '-[NearWireCoreTests.PerformanceSnapshotTests testMetricBoundariesAndRealZeroArePreserved]' passed (0.000 seconds).
Test Case '-[NearWireCoreTests.PerformanceSnapshotTests testMissingAndUnavailableMetricsRemainDistinct]' started.
Test Case '-[NearWireCoreTests.PerformanceSnapshotTests testMissingAndUnavailableMetricsRemainDistinct]' passed (0.000 seconds).
Test Case '-[NearWireCoreTests.PerformanceSnapshotTests testSchemaConstructionHasNoObservableSideEffects]' started.
Test Case '-[NearWireCoreTests.PerformanceSnapshotTests testSchemaConstructionHasNoObservableSideEffects]' passed (0.000 seconds).
Test Suite 'PerformanceSnapshotTests' passed at 2026-07-11 09:23:31.971.
	 Executed 7 tests, with 0 failures (0 unexpected) in 0.003 (0.003) seconds
Test Suite 'SecureByteChannelTests' started at 2026-07-11 09:23:31.971.
Test Case '-[NearWireTransportTests.SecureByteChannelTests testCancellationIsIdempotentAndLateCallbacksAreIgnored]' started.
Test Case '-[NearWireTransportTests.SecureByteChannelTests testCancellationIsIdempotentAndLateCallbacksAreIgnored]' passed (0.000 seconds).
Test Case '-[NearWireTransportTests.SecureByteChannelTests testConcurrentSendAdmissionRemainsBoundedAndSerial]' started.
Test Case '-[NearWireTransportTests.SecureByteChannelTests testConcurrentSendAdmissionRemainsBoundedAndSerial]' passed (0.000 seconds).
Test Case '-[NearWireTransportTests.SecureByteChannelTests testDriverCancellationProducesOneTerminalOutcome]' started.
Test Case '-[NearWireTransportTests.SecureByteChannelTests testDriverCancellationProducesOneTerminalOutcome]' passed (0.000 seconds).
Test Case '-[NearWireTransportTests.SecureByteChannelTests testDriverFailureIsTerminalAndLaterStateIsIgnored]' started.
Test Case '-[NearWireTransportTests.SecureByteChannelTests testDriverFailureIsTerminalAndLaterStateIsIgnored]' passed (0.000 seconds).
Test Case '-[NearWireTransportTests.SecureByteChannelTests testDuplicateOldReceiveCallbackCannotStartConcurrentReceive]' started.
Test Case '-[NearWireTransportTests.SecureByteChannelTests testDuplicateOldReceiveCallbackCannotStartConcurrentReceive]' passed (0.000 seconds).
Test Case '-[NearWireTransportTests.SecureByteChannelTests testEmptyNonterminalReceiveFailsWithoutRequestingAgain]' started.
Test Case '-[NearWireTransportTests.SecureByteChannelTests testEmptyNonterminalReceiveFailsWithoutRequestingAgain]' passed (0.000 seconds).
Test Case '-[NearWireTransportTests.SecureByteChannelTests testEOFDeliversFinalBytesThenTerminates]' started.
Test Case '-[NearWireTransportTests.SecureByteChannelTests testEOFDeliversFinalBytesThenTerminates]' passed (0.000 seconds).
Test Case '-[NearWireTransportTests.SecureByteChannelTests testExactDefaultAndHardWireFramesAreAdmittedAsSingleSends]' started.
Test Case '-[NearWireTransportTests.SecureByteChannelTests testExactDefaultAndHardWireFramesAreAdmittedAsSingleSends]' passed (0.002 seconds).
Test Case '-[NearWireTransportTests.SecureByteChannelTests testLateSendCallbacksAfterCancellationAreIgnored]' started.
Test Case '-[NearWireTransportTests.SecureByteChannelTests testLateSendCallbacksAfterCancellationAreIgnored]' passed (0.000 seconds).
Test Case '-[NearWireTransportTests.SecureByteChannelTests testOversizedReceiveFailsOnceAndDoesNotReceiveAgain]' started.
Test Case '-[NearWireTransportTests.SecureByteChannelTests testOversizedReceiveFailsOnceAndDoesNotReceiveAgain]' passed (0.000 seconds).
Test Case '-[NearWireTransportTests.SecureByteChannelTests testReadyStartsOneReceiveAndDeliversSequentialChunks]' started.
Test Case '-[NearWireTransportTests.SecureByteChannelTests testReadyStartsOneReceiveAndDeliversSequentialChunks]' passed (0.000 seconds).
Test Case '-[NearWireTransportTests.SecureByteChannelTests testReceiveFailureTerminatesWithoutRetry]' started.
Test Case '-[NearWireTransportTests.SecureByteChannelTests testReceiveFailureTerminatesWithoutRetry]' passed (0.000 seconds).
Test Case '-[NearWireTransportTests.SecureByteChannelTests testRepeatedPreparingAndReadyNotificationsDoNotDuplicateWork]' started.
Test Case '-[NearWireTransportTests.SecureByteChannelTests testRepeatedPreparingAndReadyNotificationsDoNotDuplicateWork]' passed (0.000 seconds).
Test Case '-[NearWireTransportTests.SecureByteChannelTests testSendAdmissionRejectsInvalidOperationsWithoutDriverWork]' started.
Test Case '-[NearWireTransportTests.SecureByteChannelTests testSendAdmissionRejectsInvalidOperationsWithoutDriverWork]' passed (0.000 seconds).
Test Case '-[NearWireTransportTests.SecureByteChannelTests testSendByteAccountingRejectsOverflowAndBoundsAtomically]' started.
Test Case '-[NearWireTransportTests.SecureByteChannelTests testSendByteAccountingRejectsOverflowAndBoundsAtomically]' passed (0.000 seconds).
Test Case '-[NearWireTransportTests.SecureByteChannelTests testSendFailureClearsQueueWithoutRetry]' started.
Test Case '-[NearWireTransportTests.SecureByteChannelTests testSendFailureClearsQueueWithoutRetry]' passed (0.000 seconds).
Test Case '-[NearWireTransportTests.SecureByteChannelTests testSendsAreFIFOAndBackpressureIsAtomic]' started.
Test Case '-[NearWireTransportTests.SecureByteChannelTests testSendsAreFIFOAndBackpressureIsAtomic]' passed (0.000 seconds).
Test Case '-[NearWireTransportTests.SecureByteChannelTests testStartIsSingleShotAndCancelBeforeReadyIsTerminal]' started.
Test Case '-[NearWireTransportTests.SecureByteChannelTests testStartIsSingleShotAndCancelBeforeReadyIsTerminal]' passed (0.000 seconds).
Test Case '-[NearWireTransportTests.SecureByteChannelTests testSuccessfulSendReleasesCompletedPayloadBeforeQueueCompaction]' started.
Test Case '-[NearWireTransportTests.SecureByteChannelTests testSuccessfulSendReleasesCompletedPayloadBeforeQueueCompaction]' passed (0.000 seconds).
Test Case '-[NearWireTransportTests.SecureByteChannelTests testSynchronousDriverCallbacksRemainSerialized]' started.
Test Case '-[NearWireTransportTests.SecureByteChannelTests testSynchronousDriverCallbacksRemainSerialized]' passed (0.000 seconds).
Test Case '-[NearWireTransportTests.SecureByteChannelTests testSynchronousStateCallbacksPreserveDriverOrder]' started.
Test Case '-[NearWireTransportTests.SecureByteChannelTests testSynchronousStateCallbacksPreserveDriverOrder]' passed (0.000 seconds).
Test Suite 'SecureByteChannelTests' passed at 2026-07-11 09:23:31.978.
	 Executed 21 tests, with 0 failures (0 unexpected) in 0.006 (0.007) seconds
Test Suite 'SecureTransportTests' started at 2026-07-11 09:23:31.978.
Test Case '-[NearWireTransportTests.SecureTransportTests testConnectionLocalTrustAndFingerprint]' started.
Test Case '-[NearWireTransportTests.SecureTransportTests testConnectionLocalTrustAndFingerprint]' passed (0.005 seconds).
Test Case '-[NearWireTransportTests.SecureTransportTests testDefaultLimitsAndFixedTLSPlan]' started.
Test Case '-[NearWireTransportTests.SecureTransportTests testDefaultLimitsAndFixedTLSPlan]' passed (0.000 seconds).
Test Case '-[NearWireTransportTests.SecureTransportTests testExactDefaultAndHardBoundFramesFitSingleSendLimits]' started.
Test Case '-[NearWireTransportTests.SecureTransportTests testExactDefaultAndHardBoundFramesFitSingleSendLimits]' passed (0.000 seconds).
Test Case '-[NearWireTransportTests.SecureTransportTests testInvalidLimitsFailWithoutPartialConfiguration]' started.
Test Case '-[NearWireTransportTests.SecureTransportTests testInvalidLimitsFailWithoutPartialConfiguration]' passed (0.000 seconds).
Test Case '-[NearWireTransportTests.SecureTransportTests testProductionAppAndViewerCompleteTLS13ALPNHandshake]' started.
Test Case '-[NearWireTransportTests.SecureTransportTests testProductionAppAndViewerCompleteTLS13ALPNHandshake]' passed (0.009 seconds).
Test Case '-[NearWireTransportTests.SecureTransportTests testRoleParametersContainTLSOverTCPAndPeerToPeerRouting]' started.
Test Case '-[NearWireTransportTests.SecureTransportTests testRoleParametersContainTLSOverTCPAndPeerToPeerRouting]' passed (0.002 seconds).
Test Case '-[NearWireTransportTests.SecureTransportTests testTransportValuesAreSendable]' started.
Test Case '-[NearWireTransportTests.SecureTransportTests testTransportValuesAreSendable]' passed (0.000 seconds).
Test Case '-[NearWireTransportTests.SecureTransportTests testTrustSecuritySeamFailsClosedAndCompletesExactlyOnce]' started.
Test Case '-[NearWireTransportTests.SecureTransportTests testTrustSecuritySeamFailsClosedAndCompletesExactlyOnce]' passed (0.000 seconds).
Test Case '-[NearWireTransportTests.SecureTransportTests testViewerAdmissionClaimIsAtomicWithClose]' started.
Test Case '-[NearWireTransportTests.SecureTransportTests testViewerAdmissionClaimIsAtomicWithClose]' passed (0.060 seconds).
Test Case '-[NearWireTransportTests.SecureTransportTests testViewerIdentityAdaptsValidIdentityAndFailsClosed]' started.
Test Case '-[NearWireTransportTests.SecureTransportTests testViewerIdentityAdaptsValidIdentityAndFailsClosed]' passed (0.002 seconds).
Test Case '-[NearWireTransportTests.SecureTransportTests testViewerListenerSerializesCallbacksOnConcurrentTarget]' started.
Test Case '-[NearWireTransportTests.SecureTransportTests testViewerListenerSerializesCallbacksOnConcurrentTarget]' passed (0.003 seconds).
Test Case '-[NearWireTransportTests.SecureTransportTests testViewerListenerStartAndCancellationAreSingleShot]' started.
Test Case '-[NearWireTransportTests.SecureTransportTests testViewerListenerStartAndCancellationAreSingleShot]' passed (0.002 seconds).
Test Case '-[NearWireTransportTests.SecureTransportTests testViewerRejectsMismatchedALPNBeforeChannelReady]' started.
Test Case '-[NearWireTransportTests.SecureTransportTests testViewerRejectsMismatchedALPNBeforeChannelReady]' passed (0.005 seconds).
Test Case '-[NearWireTransportTests.SecureTransportTests testViewerRejectsTLS12Downgrade]' started.
Test Case '-[NearWireTransportTests.SecureTransportTests testViewerRejectsTLS12Downgrade]' passed (0.004 seconds).
Test Suite 'SecureTransportTests' passed at 2026-07-11 09:23:32.072.
	 Executed 14 tests, with 0 failures (0 unexpected) in 0.093 (0.094) seconds
Test Suite 'WireEventTests' started at 2026-07-11 09:23:32.072.
Test Case '-[NearWireTransportTests.WireEventTests testBatchRequiresOneEpochDirectionAndContiguousSequence]' started.
Test Case '-[NearWireTransportTests.WireEventTests testBatchRequiresOneEpochDirectionAndContiguousSequence]' passed (0.007 seconds).
Test Case '-[NearWireTransportTests.WireEventTests testBatchSequenceOverflowIsRejectedBeforeEncoding]' started.
Test Case '-[NearWireTransportTests.WireEventTests testBatchSequenceOverflowIsRejectedBeforeEncoding]' passed (0.002 seconds).
Test Case '-[NearWireTransportTests.WireEventTests testDecodedBatchCountIsRejectedBeforeElementConstruction]' started.
Test Case '-[NearWireTransportTests.WireEventTests testDecodedBatchCountIsRejectedBeforeElementConstruction]' passed (0.000 seconds).
Test Case '-[NearWireTransportTests.WireEventTests testDecodeUsesActiveEventModelLimitsAndNormalizesModelErrors]' started.
Test Case '-[NearWireTransportTests.WireEventTests testDecodeUsesActiveEventModelLimitsAndNormalizesModelErrors]' passed (0.001 seconds).
Test Case '-[NearWireTransportTests.WireEventTests testDropSummaryIsDiagnosticPlainData]' started.
Test Case '-[NearWireTransportTests.WireEventTests testDropSummaryIsDiagnosticPlainData]' passed (0.000 seconds).
Test Case '-[NearWireTransportTests.WireEventTests testEventAndBatchLimitsAreEnforced]' started.
Test Case '-[NearWireTransportTests.WireEventTests testEventAndBatchLimitsAreEnforced]' passed (0.001 seconds).
Test Case '-[NearWireTransportTests.WireEventTests testMalformedEventDateAndAggregateBatchFrameLimitAreRejected]' started.
Test Case '-[NearWireTransportTests.WireEventTests testMalformedEventDateAndAggregateBatchFrameLimitAreRejected]' passed (0.001 seconds).
Test Case '-[NearWireTransportTests.WireEventTests testOriginDeadlineOverflowAndCanonicalDateRules]' started.
Test Case '-[NearWireTransportTests.WireEventTests testOriginDeadlineOverflowAndCanonicalDateRules]' passed (0.002 seconds).
Test Case '-[NearWireTransportTests.WireEventTests testPlainJSONEventPreservesEveryContentCaseWithoutInternalTags]' started.
Test Case '-[NearWireTransportTests.WireEventTests testPlainJSONEventPreservesEveryContentCaseWithoutInternalTags]' passed (0.001 seconds).
Test Case '-[NearWireTransportTests.WireEventTests testSenderTTLAndReceiverLocalDeadline]' started.
Test Case '-[NearWireTransportTests.WireEventTests testSenderTTLAndReceiverLocalDeadline]' passed (0.001 seconds).
Test Case '-[NearWireTransportTests.WireEventTests testV1BatchExactlyAtEventFrameBoundarySucceeds]' started.
Test Case '-[NearWireTransportTests.WireEventTests testV1BatchExactlyAtEventFrameBoundarySucceeds]' passed (0.002 seconds).
Test Suite 'WireEventTests' passed at 2026-07-11 09:23:32.090.
	 Executed 11 tests, with 0 failures (0 unexpected) in 0.018 (0.018) seconds
Test Suite 'WireFrameTests' started at 2026-07-11 09:23:32.090.
Test Case '-[NearWireTransportTests.WireFrameTests testByteAtATimeFragmentationAndCoalescedFrames]' started.
Test Case '-[NearWireTransportTests.WireFrameTests testByteAtATimeFragmentationAndCoalescedFrames]' passed (0.000 seconds).
Test Case '-[NearWireTransportTests.WireFrameTests testCallbackFailureIsTerminalAndDoesNotExposePrivateError]' started.
Test Case '-[NearWireTransportTests.WireFrameTests testCallbackFailureIsTerminalAndDoesNotExposePrivateError]' passed (0.000 seconds).
Test Case '-[NearWireTransportTests.WireFrameTests testEmptyConsumeIsANoOpAndManyFramesStayBounded]' started.
Test Case '-[NearWireTransportTests.WireFrameTests testEmptyConsumeIsANoOpAndManyFramesStayBounded]' passed (0.002 seconds).
Test Case '-[NearWireTransportTests.WireFrameTests testExactBigEndianFrameAndRoundTrip]' started.
Test Case '-[NearWireTransportTests.WireFrameTests testExactBigEndianFrameAndRoundTrip]' passed (0.000 seconds).
Test Case '-[NearWireTransportTests.WireFrameTests testFinishRejectsTruncatedPrefixAndPayload]' started.
Test Case '-[NearWireTransportTests.WireFrameTests testFinishRejectsTruncatedPrefixAndPayload]' passed (0.000 seconds).
Test Case '-[NearWireTransportTests.WireFrameTests testInvalidLengthUnknownLaneAndTerminalReuse]' started.
Test Case '-[NearWireTransportTests.WireFrameTests testInvalidLengthUnknownLaneAndTerminalReuse]' passed (0.000 seconds).
Test Case '-[NearWireTransportTests.WireFrameTests testLaneSpecificLimitsAreAppliedAfterLaneByte]' started.
Test Case '-[NearWireTransportTests.WireFrameTests testLaneSpecificLimitsAreAppliedAfterLaneByte]' passed (0.000 seconds).
Test Suite 'WireFrameTests' passed at 2026-07-11 09:23:32.092.
	 Executed 7 tests, with 0 failures (0 unexpected) in 0.002 (0.002) seconds
Test Suite 'WireGoldenFixtureTests' started at 2026-07-11 09:23:32.092.
Test Case '-[NearWireTransportTests.WireGoldenFixtureTests testCanonicalFixtureBytesAndCheckedInFiles]' started.
Test Case '-[NearWireTransportTests.WireGoldenFixtureTests testCanonicalFixtureBytesAndCheckedInFiles]' passed (0.005 seconds).
Test Case '-[NearWireTransportTests.WireGoldenFixtureTests testCanonicalFixturesDecode]' started.
Test Case '-[NearWireTransportTests.WireGoldenFixtureTests testCanonicalFixturesDecode]' passed (0.005 seconds).
Test Suite 'WireGoldenFixtureTests' passed at 2026-07-11 09:23:32.102.
	 Executed 2 tests, with 0 failures (0 unexpected) in 0.010 (0.010) seconds
Test Suite 'WireMessageTests' started at 2026-07-11 09:23:32.102.
Test Case '-[NearWireTransportTests.WireMessageTests testControlPayloadsRoundTripAndTextBounds]' started.
Test Case '-[NearWireTransportTests.WireMessageTests testControlPayloadsRoundTripAndTextBounds]' passed (0.001 seconds).
Test Case '-[NearWireTransportTests.WireMessageTests testDirectPublicPayloadDecodeNormalizesCoreModelErrors]' started.
Test Case '-[NearWireTransportTests.WireMessageTests testDirectPublicPayloadDecodeNormalizesCoreModelErrors]' passed (0.000 seconds).
Test Case '-[NearWireTransportTests.WireMessageTests testHelloMessageIsDeterministicAndTypedRoundTrips]' started.
Test Case '-[NearWireTransportTests.WireMessageTests testHelloMessageIsDeterministicAndTypedRoundTrips]' passed (0.000 seconds).
Test Case '-[NearWireTransportTests.WireMessageTests testInvalidJSONAndTaggedUInt64AreRejected]' started.
Test Case '-[NearWireTransportTests.WireMessageTests testInvalidJSONAndTaggedUInt64AreRejected]' passed (0.000 seconds).
Test Case '-[NearWireTransportTests.WireMessageTests testNoncanonicalAndDuplicateJSONAreRejected]' started.
Test Case '-[NearWireTransportTests.WireMessageTests testNoncanonicalAndDuplicateJSONAreRejected]' passed (0.000 seconds).
Test Case '-[NearWireTransportTests.WireMessageTests testPrimitiveConfigurationBoundariesAndSendability]' started.
Test Case '-[NearWireTransportTests.WireMessageTests testPrimitiveConfigurationBoundariesAndSendability]' passed (0.000 seconds).
Test Case '-[NearWireTransportTests.WireMessageTests testProtocolVersionCodableUsesValidatedScalarRepresentation]' started.
Test Case '-[NearWireTransportTests.WireMessageTests testProtocolVersionCodableUsesValidatedScalarRepresentation]' passed (0.000 seconds).
Test Case '-[NearWireTransportTests.WireMessageTests testSessionCodecBindsVersionCapabilitiesAndTerminalDecodeErrors]' started.
Test Case '-[NearWireTransportTests.WireMessageTests testSessionCodecBindsVersionCapabilitiesAndTerminalDecodeErrors]' passed (0.000 seconds).
Test Case '-[NearWireTransportTests.WireMessageTests testSessionCodecRejectsUnsupportedVersionAndLocalLimitWidening]' started.
Test Case '-[NearWireTransportTests.WireMessageTests testSessionCodecRejectsUnsupportedVersionAndLocalLimitWidening]' passed (0.000 seconds).
Test Case '-[NearWireTransportTests.WireMessageTests testTokenValidationUsesDomainSpecificErrors]' started.
Test Case '-[NearWireTransportTests.WireMessageTests testTokenValidationUsesDomainSpecificErrors]' passed (0.000 seconds).
Test Case '-[NearWireTransportTests.WireMessageTests testUnknownEnvelopeFieldIsIgnoredButRequiredFieldsRemainRequired]' started.
Test Case '-[NearWireTransportTests.WireMessageTests testUnknownEnvelopeFieldIsIgnoredButRequiredFieldsRemainRequired]' passed (0.000 seconds).
Test Case '-[NearWireTransportTests.WireMessageTests testWrongLaneAndPhaseAdmissionAreRejected]' started.
Test Case '-[NearWireTransportTests.WireMessageTests testWrongLaneAndPhaseAdmissionAreRejected]' passed (0.000 seconds).
Test Suite 'WireMessageTests' passed at 2026-07-11 09:23:32.105.
	 Executed 12 tests, with 0 failures (0 unexpected) in 0.002 (0.003) seconds
Test Suite 'WireNegotiationTests' started at 2026-07-11 09:23:32.105.
Test Case '-[NearWireTransportTests.WireNegotiationTests testAcknowledgementCannotEscalateNegotiatedValues]' started.
Test Case '-[NearWireTransportTests.WireNegotiationTests testAcknowledgementCannotEscalateNegotiatedValues]' passed (0.000 seconds).
Test Case '-[NearWireTransportTests.WireNegotiationTests testHighestVersionConservativeLimitAndCapabilityIntersection]' started.
Test Case '-[NearWireTransportTests.WireNegotiationTests testHighestVersionConservativeLimitAndCapabilityIntersection]' passed (0.000 seconds).
Test Case '-[NearWireTransportTests.WireNegotiationTests testIncompatibleVersionRoleCodecAndPolicyFail]' started.
Test Case '-[NearWireTransportTests.WireNegotiationTests testIncompatibleVersionRoleCodecAndPolicyFail]' passed (0.000 seconds).
Test Case '-[NearWireTransportTests.WireNegotiationTests testProductVersionsAreDiagnosticAndUnknownCapabilitiesIntersectExactly]' started.
Test Case '-[NearWireTransportTests.WireNegotiationTests testProductVersionsAreDiagnosticAndUnknownCapabilitiesIntersectExactly]' passed (0.000 seconds).
Test Case '-[NearWireTransportTests.WireNegotiationTests testSequenceCounterValidatorGapDuplicateDirectionAndEpoch]' started.
Test Case '-[NearWireTransportTests.WireNegotiationTests testSequenceCounterValidatorGapDuplicateDirectionAndEpoch]' passed (0.000 seconds).
Test Case '-[NearWireTransportTests.WireNegotiationTests testSequenceMaximumCanBeAllocatedAndValidatedOnce]' started.
Test Case '-[NearWireTransportTests.WireNegotiationTests testSequenceMaximumCanBeAllocatedAndValidatedOnce]' passed (0.000 seconds).
Test Suite 'WireNegotiationTests' passed at 2026-07-11 09:23:32.106.
	 Executed 6 tests, with 0 failures (0 unexpected) in 0.001 (0.001) seconds
Test Suite 'NearWireCoreHarnessPackageTests.xctest' passed at 2026-07-11 09:23:32.106.
	 Executed 149 tests, with 0 failures (0 unexpected) in 0.771 (0.778) seconds
Test Suite 'All tests' passed at 2026-07-11 09:23:32.106.
	 Executed 149 tests, with 0 failures (0 unexpected) in 0.771 (0.779) seconds
◇ Test run started.
↳ Testing Library Version: 1902
↳ Target Platform: arm64e-apple-macos14.0
✔ Test run with 0 tests in 0 suites passed after 0.001 seconds.
Swift Package verification passed.

EXIT_STATUS: 0
FINISHED_AT_UTC: 2026-07-11T01:23:32Z
