COMMAND:
 ./Scripts/verify-package.sh
RUN_ID: 20260710T213802Z-20165
GATE_ID: swift-package
STARTED_AT_UTC: 2026-07-10T21:38:10Z

Core package fixture parity passed.
Building for debugging...
[0/1] Write swift-version--58304C5D6DBC2206.txt
Build complete! (0.12s)
Building for debugging...
[0/1] Write swift-version--58304C5D6DBC2206.txt
Build of target: 'NearWireCore' complete! (0.12s)
Building for debugging...
[0/1] Write swift-version--58304C5D6DBC2206.txt
Build of target: 'NearWireTransport' complete! (0.12s)
Building for debugging...
[0/1] Write swift-version--58304C5D6DBC2206.txt
Build of target: 'NearWireFlowControl' complete! (0.12s)
Building for debugging...
[0/1] Write swift-version--58304C5D6DBC2206.txt
Build of target: 'NearWireTestSupport' complete! (0.12s)
2026-07-11 05:38:16.105 xcodebuild[22121:22591155] [MT] IDERunDestination: Supported platforms for the buildables in the current scheme is empty.
Writing result bundle at path:
	/tmp/nearwire-package-harness.FYFiaU/NearWire-iOS.xcresult

2026-07-11 05:38:27.738 xcodebuild[22121:22591155] [MT] IDETestOperationsObserverDebug: 5.013 elapsed -- Testing started completed.
2026-07-11 05:38:27.738 xcodebuild[22121:22591155] [MT] IDETestOperationsObserverDebug: 0.000 sec, +0.000 sec -- start
2026-07-11 05:38:27.738 xcodebuild[22121:22591155] [MT] IDETestOperationsObserverDebug: 5.013 sec, +5.013 sec -- end
Testing started
{
  "devicesAndConfigurations" : [
    {
      "device" : {
        "architecture" : "arm64",
        "deviceId" : "28489DFE-9F3F-4746-98C6-F956F47FEC0C",
        "deviceName" : "iPhone 17 Pro",
        "modelName" : "iPhone 17 Pro",
        "osBuildNumber" : "23E244",
        "osVersion" : "26.4",
        "platform" : "iOS Simulator"
      },
      "expectedFailures" : 0,
      "failedTests" : 0,
      "passedTests" : 7,
      "skippedTests" : 0,
      "testPlanConfiguration" : {
        "configurationId" : "1",
        "configurationName" : "Test Scheme Action"
      }
    }
  ],
  "environmentDescription" : "NearWire-Package · Built with macOS 26.5.1",
  "expectedFailures" : 0,
  "failedTests" : 0,
  "finishTime" : 1783719507.749,
  "passedTests" : 7,
  "result" : "Passed",
  "skippedTests" : 0,
  "startTime" : 1783719496.186,
  "statistics" : [

  ],
  "testFailures" : [

  ],
  "title" : "Test - NearWire-Package",
  "topInsights" : [

  ],
  "totalTestCount" : 7
}
Building for debugging...
[0/13] /tmp/nearwire-package-harness.FYFiaU/CoreHarnessBuild/arm64-apple-macosx/debug/NearWireCoreHarnessPackageTests.derived/runner.swift
[1/13] Write sources
[10/13] Write swift-version--58304C5D6DBC2206.txt
[12/15] Emitting module NearWireCore
[13/15] Compiling NearWireCore NearWireCoreModule.swift
[14/21] Compiling NearWireTransport NearWireTransportModule.swift
[15/21] Emitting module NearWireTransport
[16/21] Compiling NearWireFlowControl NearWireFlowControlModule.swift
[17/21] Emitting module NearWireFlowControl
[18/27] Compiling NearWireTestSupport NearWireTestSupportModule.swift
[19/27] Emitting module NearWireTestSupport
[20/29] Compiling NearWireTransportTests ModuleSmokeTests.swift
[21/29] Emitting module NearWireTransportTests
[22/29] Emitting module NearWireTestSupportTests
[23/29] Compiling NearWireFlowControlTests ModuleSmokeTests.swift
[24/29] Compiling NearWireTestSupportTests ModuleSmokeTests.swift
[25/29] Emitting module NearWireFlowControlTests
[26/29] Emitting module NearWireCoreTests
[27/29] Compiling NearWireCoreTests ModuleSmokeTests.swift
[28/31] Compiling NearWireCoreHarnessPackageTests runner.swift
[29/31] Emitting module NearWireCoreHarnessPackageTests
[29/31] Write Objects.LinkFileList
[30/31] Linking NearWireCoreHarnessPackageTests
Build complete! (9.08s)
Test Suite 'All tests' started at 2026-07-11 05:38:38.266.
Test Suite 'NearWireCoreHarnessPackageTests.xctest' started at 2026-07-11 05:38:38.267.
Test Suite 'NearWireCoreModuleSmokeTests' started at 2026-07-11 05:38:38.267.
Test Case '-[NearWireCoreTests.NearWireCoreModuleSmokeTests testModuleIsAvailable]' started.
Test Case '-[NearWireCoreTests.NearWireCoreModuleSmokeTests testModuleIsAvailable]' passed (0.001 seconds).
Test Suite 'NearWireCoreModuleSmokeTests' passed at 2026-07-11 05:38:38.268.
	 Executed 1 test, with 0 failures (0 unexpected) in 0.001 (0.001) seconds
Test Suite 'NearWireFlowControlModuleSmokeTests' started at 2026-07-11 05:38:38.268.
Test Case '-[NearWireFlowControlTests.NearWireFlowControlModuleSmokeTests testModuleIsAvailable]' started.
Test Case '-[NearWireFlowControlTests.NearWireFlowControlModuleSmokeTests testModuleIsAvailable]' passed (0.000 seconds).
Test Suite 'NearWireFlowControlModuleSmokeTests' passed at 2026-07-11 05:38:38.268.
	 Executed 1 test, with 0 failures (0 unexpected) in 0.000 (0.000) seconds
Test Suite 'NearWireTestSupportModuleSmokeTests' started at 2026-07-11 05:38:38.268.
Test Case '-[NearWireTestSupportTests.NearWireTestSupportModuleSmokeTests testModuleIsAvailable]' started.
Test Case '-[NearWireTestSupportTests.NearWireTestSupportModuleSmokeTests testModuleIsAvailable]' passed (0.000 seconds).
Test Suite 'NearWireTestSupportModuleSmokeTests' passed at 2026-07-11 05:38:38.269.
	 Executed 1 test, with 0 failures (0 unexpected) in 0.000 (0.000) seconds
Test Suite 'NearWireTransportModuleSmokeTests' started at 2026-07-11 05:38:38.269.
Test Case '-[NearWireTransportTests.NearWireTransportModuleSmokeTests testModuleIsAvailable]' started.
Test Case '-[NearWireTransportTests.NearWireTransportModuleSmokeTests testModuleIsAvailable]' passed (0.000 seconds).
Test Suite 'NearWireTransportModuleSmokeTests' passed at 2026-07-11 05:38:38.269.
	 Executed 1 test, with 0 failures (0 unexpected) in 0.000 (0.000) seconds
Test Suite 'NearWireCoreHarnessPackageTests.xctest' passed at 2026-07-11 05:38:38.269.
	 Executed 4 tests, with 0 failures (0 unexpected) in 0.001 (0.002) seconds
Test Suite 'All tests' passed at 2026-07-11 05:38:38.269.
	 Executed 4 tests, with 0 failures (0 unexpected) in 0.001 (0.003) seconds
◇ Test run started.
↳ Testing Library Version: 1902
↳ Target Platform: arm64e-apple-macos14.0
✔ Test run with 0 tests in 0 suites passed after 0.001 seconds.
Swift Package verification passed.

EXIT_STATUS: 0
FINISHED_AT_UTC: 2026-07-10T21:38:38Z
